------Hyperparameters------
Number of Epochs | 1000
Batch Size       | 64
LR:              | 0.00001
Validation Ratio | 0.250

---------------------------
Training on 5664 examples
Testing on 1888 examples
---------------------------

CNN (
  (layer1): Sequential (
    (0): Conv2d(1, 16, kernel_size=(3, 3), stride=(1, 1), padding=(1, 1))
    (1): BatchNorm2d(16, eps=1e-05, momentum=0.1, affine=True)
    (2): ReLU ()
    (3): MaxPool2d (size=(2, 2), stride=(2, 2), dilation=(1, 1))
  )
  (layer2): Sequential (
    (0): Conv2d(16, 32, kernel_size=(3, 3), stride=(1, 1), padding=(1, 1))
    (1): BatchNorm2d(32, eps=1e-05, momentum=0.1, affine=True)
    (2): ReLU ()
    (3): MaxPool2d (size=(2, 2), stride=(2, 2), dilation=(1, 1))
  )
  (layer3): Sequential (
    (0): Conv2d(32, 64, kernel_size=(3, 3), stride=(1, 1), padding=(1, 1))
    (1): BatchNorm2d(64, eps=1e-05, momentum=0.1, affine=True)
    (2): ReLU ()
    (3): MaxPool2d (size=(2, 2), stride=(2, 2), dilation=(1, 1))
  )
  (layer4): Sequential (
    (0): Conv2d(64, 128, kernel_size=(3, 3), stride=(1, 1), padding=(1, 1))
    (1): BatchNorm2d(128, eps=1e-05, momentum=0.1, affine=True)
    (2): ReLU ()
    (3): MaxPool2d (size=(2, 2), stride=(2, 2), dilation=(1, 1))
  )
  (fc): Linear (131072 -> 8)
)



Epoch [0/1000] Training Loss: 1.8024
Epoch [0/1000] Validation Accuracy: 26.69
Epoch [1/1000] Training Loss: 1.7104
Epoch [1/1000] Validation Accuracy: 26.32
Epoch [2/1000] Training Loss: 1.7568
Epoch [2/1000] Validation Accuracy: 27.65
Epoch [3/1000] Training Loss: 1.7543
Epoch [3/1000] Validation Accuracy: 31.14
Epoch [4/1000] Training Loss: 1.6004
Epoch [4/1000] Validation Accuracy: 31.09
Epoch [5/1000] Training Loss: 1.8372
Epoch [5/1000] Validation Accuracy: 30.83
Epoch [6/1000] Training Loss: 1.6074
Epoch [6/1000] Validation Accuracy: 31.25
Epoch [7/1000] Training Loss: 1.5439
Epoch [7/1000] Validation Accuracy: 32.63
Epoch [8/1000] Training Loss: 1.6173
Epoch [8/1000] Validation Accuracy: 30.46
Epoch [9/1000] Training Loss: 1.2863
Epoch [9/1000] Validation Accuracy: 34.00
Epoch [10/1000] Training Loss: 1.5878
Epoch [10/1000] Validation Accuracy: 33.00
Epoch [11/1000] Training Loss: 1.3550
Epoch [11/1000] Validation Accuracy: 33.21
Epoch [12/1000] Training Loss: 1.6252
Epoch [12/1000] Validation Accuracy: 34.32
Epoch [13/1000] Training Loss: 1.2761
Epoch [13/1000] Validation Accuracy: 35.01
Epoch [14/1000] Training Loss: 1.3927
Epoch [14/1000] Validation Accuracy: 34.38
Epoch [15/1000] Training Loss: 1.4865
Epoch [15/1000] Validation Accuracy: 33.74
Epoch [16/1000] Training Loss: 1.2649
Epoch [16/1000] Validation Accuracy: 36.12
Epoch [17/1000] Training Loss: 1.5357
Epoch [17/1000] Validation Accuracy: 36.60
Epoch [18/1000] Training Loss: 1.3236
Epoch [18/1000] Validation Accuracy: 36.28
Epoch [19/1000] Training Loss: 1.3036
Epoch [19/1000] Validation Accuracy: 36.97
Epoch [20/1000] Training Loss: 1.2306
Epoch [20/1000] Validation Accuracy: 36.81
Epoch [21/1000] Training Loss: 1.3878
Epoch [21/1000] Validation Accuracy: 36.02
Epoch [22/1000] Training Loss: 1.3225
Epoch [22/1000] Validation Accuracy: 35.81
Epoch [23/1000] Training Loss: 1.1766
Epoch [23/1000] Validation Accuracy: 37.18
Epoch [24/1000] Training Loss: 1.1139
Epoch [24/1000] Validation Accuracy: 35.17
Epoch [25/1000] Training Loss: 1.1931
Epoch [25/1000] Validation Accuracy: 37.18
Epoch [26/1000] Training Loss: 0.9805
Epoch [26/1000] Validation Accuracy: 38.08
Epoch [27/1000] Training Loss: 1.2490
Epoch [27/1000] Validation Accuracy: 37.13
Epoch [28/1000] Training Loss: 1.0891
Epoch [28/1000] Validation Accuracy: 36.39
Epoch [29/1000] Training Loss: 0.9802
Epoch [29/1000] Validation Accuracy: 37.24
Epoch [30/1000] Training Loss: 1.0773
Epoch [30/1000] Validation Accuracy: 36.76
Epoch [31/1000] Training Loss: 1.0540
Epoch [31/1000] Validation Accuracy: 37.08
Epoch [32/1000] Training Loss: 1.2364
Epoch [32/1000] Validation Accuracy: 37.92
Epoch [33/1000] Training Loss: 1.0784
Epoch [33/1000] Validation Accuracy: 37.87
Epoch [34/1000] Training Loss: 1.0163
Epoch [34/1000] Validation Accuracy: 37.71
Epoch [35/1000] Training Loss: 1.0272
Epoch [35/1000] Validation Accuracy: 37.34
Epoch [36/1000] Training Loss: 1.1512
Epoch [36/1000] Validation Accuracy: 37.71
Epoch [37/1000] Training Loss: 1.1140
Epoch [37/1000] Validation Accuracy: 37.66
Epoch [38/1000] Training Loss: 1.0161
Epoch [38/1000] Validation Accuracy: 38.67
Epoch [39/1000] Training Loss: 1.3768
Epoch [39/1000] Validation Accuracy: 38.14
Epoch [40/1000] Training Loss: 1.0364
Epoch [40/1000] Validation Accuracy: 37.13
Epoch [41/1000] Training Loss: 0.9622
Epoch [41/1000] Validation Accuracy: 38.67
Epoch [42/1000] Training Loss: 1.1352
Epoch [42/1000] Validation Accuracy: 38.82
Epoch [43/1000] Training Loss: 0.8722
Epoch [43/1000] Validation Accuracy: 38.45
Epoch [44/1000] Training Loss: 0.7830
Epoch [44/1000] Validation Accuracy: 38.24
Epoch [45/1000] Training Loss: 0.8201
Epoch [45/1000] Validation Accuracy: 38.24
Epoch [46/1000] Training Loss: 0.8785
Epoch [46/1000] Validation Accuracy: 38.03
Epoch [47/1000] Training Loss: 0.6100
Epoch [47/1000] Validation Accuracy: 37.92
Epoch [48/1000] Training Loss: 0.6786
Epoch [48/1000] Validation Accuracy: 38.67
Epoch [49/1000] Training Loss: 0.9640
Epoch [49/1000] Validation Accuracy: 38.82
Epoch [50/1000] Training Loss: 0.7372
Epoch [50/1000] Validation Accuracy: 38.67
Epoch [51/1000] Training Loss: 0.6948
Epoch [51/1000] Validation Accuracy: 38.24
Epoch [52/1000] Training Loss: 0.6306
Epoch [52/1000] Validation Accuracy: 38.51
Epoch [53/1000] Training Loss: 0.9446
Epoch [53/1000] Validation Accuracy: 38.56
Epoch [54/1000] Training Loss: 0.7884
Epoch [54/1000] Validation Accuracy: 38.29
Epoch [55/1000] Training Loss: 0.8806
Epoch [55/1000] Validation Accuracy: 39.19
Epoch [56/1000] Training Loss: 0.8373
Epoch [56/1000] Validation Accuracy: 38.24
Epoch [57/1000] Training Loss: 0.5451
Epoch [57/1000] Validation Accuracy: 39.41
Epoch [58/1000] Training Loss: 0.9372
Epoch [58/1000] Validation Accuracy: 39.41
Epoch [59/1000] Training Loss: 0.8761
Epoch [59/1000] Validation Accuracy: 38.45
Epoch [60/1000] Training Loss: 0.8207
Epoch [60/1000] Validation Accuracy: 40.20
Epoch [61/1000] Training Loss: 0.9215
Epoch [61/1000] Validation Accuracy: 39.94
Epoch [62/1000] Training Loss: 0.5980
Epoch [62/1000] Validation Accuracy: 39.04
Epoch [63/1000] Training Loss: 0.6174
Epoch [63/1000] Validation Accuracy: 38.40
Epoch [64/1000] Training Loss: 0.6430
Epoch [64/1000] Validation Accuracy: 38.88
Epoch [65/1000] Training Loss: 0.6644
Epoch [65/1000] Validation Accuracy: 38.93
Epoch [66/1000] Training Loss: 0.7622
Epoch [66/1000] Validation Accuracy: 39.14
Epoch [67/1000] Training Loss: 0.7927
Epoch [67/1000] Validation Accuracy: 37.98
Epoch [68/1000] Training Loss: 0.8371
Epoch [68/1000] Validation Accuracy: 40.20
Epoch [69/1000] Training Loss: 0.7290
Epoch [69/1000] Validation Accuracy: 39.51
Epoch [70/1000] Training Loss: 0.8159
Epoch [70/1000] Validation Accuracy: 39.46
Epoch [71/1000] Training Loss: 0.7757
Epoch [71/1000] Validation Accuracy: 38.51
Epoch [72/1000] Training Loss: 0.8702
Epoch [72/1000] Validation Accuracy: 39.09
Epoch [73/1000] Training Loss: 0.7609
Epoch [73/1000] Validation Accuracy: 38.40
Epoch [74/1000] Training Loss: 0.5784
Epoch [74/1000] Validation Accuracy: 39.41
Epoch [75/1000] Training Loss: 0.6902
Epoch [75/1000] Validation Accuracy: 38.88
Epoch [76/1000] Training Loss: 0.5805
Epoch [76/1000] Validation Accuracy: 39.62
Epoch [77/1000] Training Loss: 0.7523
Epoch [77/1000] Validation Accuracy: 38.40
Epoch [78/1000] Training Loss: 0.6532
Epoch [78/1000] Validation Accuracy: 39.14
Epoch [79/1000] Training Loss: 0.6899
Epoch [79/1000] Validation Accuracy: 38.45
Epoch [80/1000] Training Loss: 0.4934
Epoch [80/1000] Validation Accuracy: 39.14
Epoch [81/1000] Training Loss: 0.7016
Epoch [81/1000] Validation Accuracy: 38.35
Epoch [82/1000] Training Loss: 0.6019
Epoch [82/1000] Validation Accuracy: 38.88
Epoch [83/1000] Training Loss: 0.8075
Epoch [83/1000] Validation Accuracy: 39.19
Epoch [84/1000] Training Loss: 0.6886
Epoch [84/1000] Validation Accuracy: 39.62
Epoch [85/1000] Training Loss: 0.4854
Epoch [85/1000] Validation Accuracy: 38.98
Epoch [86/1000] Training Loss: 0.4970
Epoch [86/1000] Validation Accuracy: 38.19
Epoch [87/1000] Training Loss: 0.5205
Epoch [87/1000] Validation Accuracy: 39.35
Epoch [88/1000] Training Loss: 0.4607
Epoch [88/1000] Validation Accuracy: 38.29
Epoch [89/1000] Training Loss: 0.6145
Epoch [89/1000] Validation Accuracy: 39.41
Epoch [90/1000] Training Loss: 0.4813
Epoch [90/1000] Validation Accuracy: 38.45
Epoch [91/1000] Training Loss: 0.3647
Epoch [91/1000] Validation Accuracy: 38.82
Epoch [92/1000] Training Loss: 0.5133
Epoch [92/1000] Validation Accuracy: 39.30
Epoch [93/1000] Training Loss: 0.9262
Epoch [93/1000] Validation Accuracy: 38.82
Epoch [94/1000] Training Loss: 0.6022
Epoch [94/1000] Validation Accuracy: 39.09
Epoch [95/1000] Training Loss: 0.5104
Epoch [95/1000] Validation Accuracy: 39.67
Epoch [96/1000] Training Loss: 0.4636
Epoch [96/1000] Validation Accuracy: 39.41
Epoch [97/1000] Training Loss: 0.3208
Epoch [97/1000] Validation Accuracy: 38.61
Epoch [98/1000] Training Loss: 0.5296
Epoch [98/1000] Validation Accuracy: 39.19
Epoch [99/1000] Training Loss: 0.4466
Epoch [99/1000] Validation Accuracy: 39.04
Epoch [100/1000] Training Loss: 0.5400
Epoch [100/1000] Validation Accuracy: 38.45
Epoch [101/1000] Training Loss: 0.5622
Epoch [101/1000] Validation Accuracy: 39.57
Epoch [102/1000] Training Loss: 0.6734
Epoch [102/1000] Validation Accuracy: 39.46
Epoch [103/1000] Training Loss: 0.4204
Epoch [103/1000] Validation Accuracy: 39.19
Epoch [104/1000] Training Loss: 0.4754
Epoch [104/1000] Validation Accuracy: 38.88
Epoch [105/1000] Training Loss: 0.3493
Epoch [105/1000] Validation Accuracy: 39.30
Epoch [106/1000] Training Loss: 0.5360
Epoch [106/1000] Validation Accuracy: 39.35
Epoch [107/1000] Training Loss: 0.3369
Epoch [107/1000] Validation Accuracy: 39.09
Epoch [108/1000] Training Loss: 0.6532
Epoch [108/1000] Validation Accuracy: 38.93
Epoch [109/1000] Training Loss: 0.4103
Epoch [109/1000] Validation Accuracy: 38.77
Epoch [110/1000] Training Loss: 0.2589
Epoch [110/1000] Validation Accuracy: 39.78
Epoch [111/1000] Training Loss: 0.4509
Epoch [111/1000] Validation Accuracy: 39.09
Epoch [112/1000] Training Loss: 0.3192
Epoch [112/1000] Validation Accuracy: 37.76
Epoch [113/1000] Training Loss: 0.3918
Epoch [113/1000] Validation Accuracy: 39.67
Epoch [114/1000] Training Loss: 0.4029
Epoch [114/1000] Validation Accuracy: 38.67
Epoch [115/1000] Training Loss: 0.3837
Epoch [115/1000] Validation Accuracy: 38.88
Epoch [116/1000] Training Loss: 0.3984
Epoch [116/1000] Validation Accuracy: 39.41
Epoch [117/1000] Training Loss: 0.3350
Epoch [117/1000] Validation Accuracy: 39.30
Epoch [118/1000] Training Loss: 0.3319
Epoch [118/1000] Validation Accuracy: 39.19
Epoch [119/1000] Training Loss: 0.4612
Epoch [119/1000] Validation Accuracy: 38.29
Epoch [120/1000] Training Loss: 0.4893
Epoch [120/1000] Validation Accuracy: 39.83
Epoch [121/1000] Training Loss: 0.3538
Epoch [121/1000] Validation Accuracy: 38.98
Epoch [122/1000] Training Loss: 0.1982
Epoch [122/1000] Validation Accuracy: 38.45
Epoch [123/1000] Training Loss: 0.3472
Epoch [123/1000] Validation Accuracy: 38.88
Epoch [124/1000] Training Loss: 0.3496
Epoch [124/1000] Validation Accuracy: 38.93
Epoch [125/1000] Training Loss: 0.3347
Epoch [125/1000] Validation Accuracy: 39.19
Epoch [126/1000] Training Loss: 0.3146
Epoch [126/1000] Validation Accuracy: 38.45
Epoch [127/1000] Training Loss: 0.3144
Epoch [127/1000] Validation Accuracy: 39.04
Epoch [128/1000] Training Loss: 0.3407
Epoch [128/1000] Validation Accuracy: 39.14
Epoch [129/1000] Training Loss: 0.2422
Epoch [129/1000] Validation Accuracy: 38.61
Epoch [130/1000] Training Loss: 0.4669
Epoch [130/1000] Validation Accuracy: 39.19
Epoch [131/1000] Training Loss: 0.2743
Epoch [131/1000] Validation Accuracy: 39.46
Epoch [132/1000] Training Loss: 0.3014
Epoch [132/1000] Validation Accuracy: 39.62
Epoch [133/1000] Training Loss: 0.1591
Epoch [133/1000] Validation Accuracy: 38.72
Epoch [134/1000] Training Loss: 0.2042
Epoch [134/1000] Validation Accuracy: 39.41
Epoch [135/1000] Training Loss: 0.4563
Epoch [135/1000] Validation Accuracy: 38.98
Epoch [136/1000] Training Loss: 0.2259
Epoch [136/1000] Validation Accuracy: 38.19
Epoch [137/1000] Training Loss: 0.4398
Epoch [137/1000] Validation Accuracy: 38.56
Epoch [138/1000] Training Loss: 0.2960
Epoch [138/1000] Validation Accuracy: 38.67
Epoch [139/1000] Training Loss: 0.4583
Epoch [139/1000] Validation Accuracy: 39.04
Epoch [140/1000] Training Loss: 0.3462
Epoch [140/1000] Validation Accuracy: 38.19
Epoch [141/1000] Training Loss: 0.3067
Epoch [141/1000] Validation Accuracy: 38.88
Epoch [142/1000] Training Loss: 0.2338
Epoch [142/1000] Validation Accuracy: 38.03
Epoch [143/1000] Training Loss: 0.2252
Epoch [143/1000] Validation Accuracy: 37.87
Epoch [144/1000] Training Loss: 0.2097
Epoch [144/1000] Validation Accuracy: 38.61
Epoch [145/1000] Training Loss: 0.2277
Epoch [145/1000] Validation Accuracy: 38.93
Epoch [146/1000] Training Loss: 0.1681
Epoch [146/1000] Validation Accuracy: 38.61
Epoch [147/1000] Training Loss: 0.2400
Epoch [147/1000] Validation Accuracy: 38.14
Epoch [148/1000] Training Loss: 0.3294
Epoch [148/1000] Validation Accuracy: 37.29
Epoch [149/1000] Training Loss: 0.2813
Epoch [149/1000] Validation Accuracy: 38.82
Epoch [150/1000] Training Loss: 0.3738
Epoch [150/1000] Validation Accuracy: 36.81
Epoch [151/1000] Training Loss: 0.2967
Epoch [151/1000] Validation Accuracy: 38.19
Epoch [152/1000] Training Loss: 0.1931
Epoch [152/1000] Validation Accuracy: 38.88
Epoch [153/1000] Training Loss: 0.1977
Epoch [153/1000] Validation Accuracy: 37.61
Epoch [154/1000] Training Loss: 0.1886
Epoch [154/1000] Validation Accuracy: 37.92
Epoch [155/1000] Training Loss: 0.2945
Epoch [155/1000] Validation Accuracy: 38.51
Epoch [156/1000] Training Loss: 0.2299
Epoch [156/1000] Validation Accuracy: 38.14
Epoch [157/1000] Training Loss: 0.1502
Epoch [157/1000] Validation Accuracy: 38.03
Epoch [158/1000] Training Loss: 0.1609
Epoch [158/1000] Validation Accuracy: 37.98
Epoch [159/1000] Training Loss: 0.2603
Epoch [159/1000] Validation Accuracy: 38.56
Epoch [160/1000] Training Loss: 0.2150
Epoch [160/1000] Validation Accuracy: 37.71
Epoch [161/1000] Training Loss: 0.3493
Epoch [161/1000] Validation Accuracy: 38.03
Epoch [162/1000] Training Loss: 0.2093
Epoch [162/1000] Validation Accuracy: 38.61
Epoch [163/1000] Training Loss: 0.2068
Epoch [163/1000] Validation Accuracy: 38.19
Epoch [164/1000] Training Loss: 0.2524
Epoch [164/1000] Validation Accuracy: 38.82
Epoch [165/1000] Training Loss: 0.1937
Epoch [165/1000] Validation Accuracy: 38.03
Epoch [166/1000] Training Loss: 0.0702
Epoch [166/1000] Validation Accuracy: 37.18
Epoch [167/1000] Training Loss: 0.1733
Epoch [167/1000] Validation Accuracy: 36.12
Epoch [168/1000] Training Loss: 0.1799
Epoch [168/1000] Validation Accuracy: 37.24
Epoch [169/1000] Training Loss: 0.1073
Epoch [169/1000] Validation Accuracy: 37.18
Epoch [170/1000] Training Loss: 0.2004
Epoch [170/1000] Validation Accuracy: 37.45
Epoch [171/1000] Training Loss: 0.1331
Epoch [171/1000] Validation Accuracy: 38.14
Epoch [172/1000] Training Loss: 0.1953
Epoch [172/1000] Validation Accuracy: 37.71
Epoch [173/1000] Training Loss: 0.3199
Epoch [173/1000] Validation Accuracy: 38.35
Epoch [174/1000] Training Loss: 0.3361
Epoch [174/1000] Validation Accuracy: 37.24
Epoch [175/1000] Training Loss: 0.1058
Epoch [175/1000] Validation Accuracy: 38.35
Epoch [176/1000] Training Loss: 0.1358
Epoch [176/1000] Validation Accuracy: 37.08
Epoch [177/1000] Training Loss: 0.3673
Epoch [177/1000] Validation Accuracy: 36.39
Epoch [178/1000] Training Loss: 0.2494
Epoch [178/1000] Validation Accuracy: 37.55
Epoch [179/1000] Training Loss: 0.1924
Epoch [179/1000] Validation Accuracy: 37.55
Epoch [180/1000] Training Loss: 0.1054
Epoch [180/1000] Validation Accuracy: 37.66
Epoch [181/1000] Training Loss: 0.1165
Epoch [181/1000] Validation Accuracy: 37.92
Epoch [182/1000] Training Loss: 0.2722
Epoch [182/1000] Validation Accuracy: 37.02
Epoch [183/1000] Training Loss: 0.0850
Epoch [183/1000] Validation Accuracy: 37.34
Epoch [184/1000] Training Loss: 0.2591
Epoch [184/1000] Validation Accuracy: 37.08
Epoch [185/1000] Training Loss: 0.1274
Epoch [185/1000] Validation Accuracy: 37.24
Epoch [186/1000] Training Loss: 0.1505
Epoch [186/1000] Validation Accuracy: 38.03
Epoch [187/1000] Training Loss: 0.0915
Epoch [187/1000] Validation Accuracy: 36.81
Epoch [188/1000] Training Loss: 0.1387
Epoch [188/1000] Validation Accuracy: 38.29
Epoch [189/1000] Training Loss: 0.2416
Epoch [189/1000] Validation Accuracy: 37.45
Epoch [190/1000] Training Loss: 0.3554
Epoch [190/1000] Validation Accuracy: 37.29
Epoch [191/1000] Training Loss: 0.1743
Epoch [191/1000] Validation Accuracy: 37.92
Epoch [192/1000] Training Loss: 0.1130
Epoch [192/1000] Validation Accuracy: 36.39
Epoch [193/1000] Training Loss: 0.0542
Epoch [193/1000] Validation Accuracy: 37.39
Epoch [194/1000] Training Loss: 0.2852
Epoch [194/1000] Validation Accuracy: 36.65
Epoch [195/1000] Training Loss: 0.1025
Epoch [195/1000] Validation Accuracy: 36.76
Epoch [196/1000] Training Loss: 0.0179
Epoch [196/1000] Validation Accuracy: 37.55
Epoch [197/1000] Training Loss: 0.1241
Epoch [197/1000] Validation Accuracy: 36.81
Epoch [198/1000] Training Loss: 0.2046
Epoch [198/1000] Validation Accuracy: 37.39
Epoch [199/1000] Training Loss: 0.1729
Epoch [199/1000] Validation Accuracy: 37.29
Epoch [200/1000] Training Loss: 0.0991
Epoch [200/1000] Validation Accuracy: 36.07
Epoch [201/1000] Training Loss: 0.1216
Epoch [201/1000] Validation Accuracy: 37.29
Epoch [202/1000] Training Loss: 0.0509
Epoch [202/1000] Validation Accuracy: 37.13
Epoch [203/1000] Training Loss: 0.0588
Epoch [203/1000] Validation Accuracy: 35.49
Epoch [204/1000] Training Loss: 0.0571
Epoch [204/1000] Validation Accuracy: 36.33
Epoch [205/1000] Training Loss: 0.0433
Epoch [205/1000] Validation Accuracy: 37.08
Epoch [206/1000] Training Loss: 0.0521
Epoch [206/1000] Validation Accuracy: 37.08
Epoch [207/1000] Training Loss: 0.1017
Epoch [207/1000] Validation Accuracy: 37.29
Epoch [208/1000] Training Loss: 0.1686
Epoch [208/1000] Validation Accuracy: 36.86
Epoch [209/1000] Training Loss: 0.0718
Epoch [209/1000] Validation Accuracy: 35.96
Epoch [210/1000] Training Loss: 0.1308
Epoch [210/1000] Validation Accuracy: 36.97
Epoch [211/1000] Training Loss: 0.1346
Epoch [211/1000] Validation Accuracy: 37.66
Epoch [212/1000] Training Loss: 0.1898
Epoch [212/1000] Validation Accuracy: 37.61
Epoch [213/1000] Training Loss: 0.0902
Epoch [213/1000] Validation Accuracy: 36.60
Epoch [214/1000] Training Loss: 0.0312
Epoch [214/1000] Validation Accuracy: 37.13
Epoch [215/1000] Training Loss: 0.0811
Epoch [215/1000] Validation Accuracy: 36.76
Epoch [216/1000] Training Loss: 0.0917
Epoch [216/1000] Validation Accuracy: 37.08
Epoch [217/1000] Training Loss: 0.0353
Epoch [217/1000] Validation Accuracy: 36.28
Epoch [218/1000] Training Loss: 0.0967
Epoch [218/1000] Validation Accuracy: 36.23
Epoch [219/1000] Training Loss: 0.0718
Epoch [219/1000] Validation Accuracy: 36.23
Epoch [220/1000] Training Loss: 0.1538
Epoch [220/1000] Validation Accuracy: 37.02
Epoch [221/1000] Training Loss: 0.0694
Epoch [221/1000] Validation Accuracy: 36.76
Epoch [222/1000] Training Loss: 0.0631
Epoch [222/1000] Validation Accuracy: 36.28
Epoch [223/1000] Training Loss: 0.1759
Epoch [223/1000] Validation Accuracy: 36.71
Epoch [224/1000] Training Loss: 0.0429
Epoch [224/1000] Validation Accuracy: 36.33
Epoch [225/1000] Training Loss: 0.0152
Epoch [225/1000] Validation Accuracy: 37.29
Epoch [226/1000] Training Loss: 0.0974
Epoch [226/1000] Validation Accuracy: 36.33
Epoch [227/1000] Training Loss: 0.0236
Epoch [227/1000] Validation Accuracy: 37.50
Epoch [228/1000] Training Loss: 0.0839
Epoch [228/1000] Validation Accuracy: 36.60
Epoch [229/1000] Training Loss: 0.0321
Epoch [229/1000] Validation Accuracy: 36.81
Epoch [230/1000] Training Loss: 0.0572
Epoch [230/1000] Validation Accuracy: 37.24
Epoch [231/1000] Training Loss: 0.1187
Epoch [231/1000] Validation Accuracy: 36.39
Epoch [232/1000] Training Loss: 0.0408
Epoch [232/1000] Validation Accuracy: 37.13
Epoch [233/1000] Training Loss: 0.1053
Epoch [233/1000] Validation Accuracy: 36.39
Epoch [234/1000] Training Loss: 0.0327
Epoch [234/1000] Validation Accuracy: 36.55
Epoch [235/1000] Training Loss: 0.2075
Epoch [235/1000] Validation Accuracy: 36.44
Epoch [236/1000] Training Loss: 0.2312
Epoch [236/1000] Validation Accuracy: 35.91
Epoch [237/1000] Training Loss: 0.0401
Epoch [237/1000] Validation Accuracy: 37.29
Epoch [238/1000] Training Loss: 0.0517
Epoch [238/1000] Validation Accuracy: 36.49
Epoch [239/1000] Training Loss: 0.0922
Epoch [239/1000] Validation Accuracy: 36.39
Epoch [240/1000] Training Loss: 0.0230
Epoch [240/1000] Validation Accuracy: 36.12
Epoch [241/1000] Training Loss: 0.0488
Epoch [241/1000] Validation Accuracy: 36.49
Epoch [242/1000] Training Loss: 0.0232
Epoch [242/1000] Validation Accuracy: 35.54
Epoch [243/1000] Training Loss: 0.0618
Epoch [243/1000] Validation Accuracy: 36.60
Epoch [244/1000] Training Loss: 0.0133
Epoch [244/1000] Validation Accuracy: 35.59
Epoch [245/1000] Training Loss: 0.0339
Epoch [245/1000] Validation Accuracy: 36.81
Epoch [246/1000] Training Loss: 0.0309
Epoch [246/1000] Validation Accuracy: 36.02
Epoch [247/1000] Training Loss: 0.0360
Epoch [247/1000] Validation Accuracy: 36.39
Epoch [248/1000] Training Loss: 0.0268
Epoch [248/1000] Validation Accuracy: 36.60
Epoch [249/1000] Training Loss: 0.0816
Epoch [249/1000] Validation Accuracy: 35.70
Epoch [250/1000] Training Loss: 0.0313
Epoch [250/1000] Validation Accuracy: 36.92
Epoch [251/1000] Training Loss: 0.0266
Epoch [251/1000] Validation Accuracy: 36.18
Epoch [252/1000] Training Loss: 0.1102
Epoch [252/1000] Validation Accuracy: 36.55
Epoch [253/1000] Training Loss: 0.0590
Epoch [253/1000] Validation Accuracy: 36.39
Epoch [254/1000] Training Loss: 0.0603
Epoch [254/1000] Validation Accuracy: 36.71
Epoch [255/1000] Training Loss: 0.0375
Epoch [255/1000] Validation Accuracy: 35.49
Epoch [256/1000] Training Loss: 0.0229
Epoch [256/1000] Validation Accuracy: 37.13
Epoch [257/1000] Training Loss: 0.0443
Epoch [257/1000] Validation Accuracy: 36.33
Epoch [258/1000] Training Loss: 0.0113
Epoch [258/1000] Validation Accuracy: 33.85
Epoch [259/1000] Training Loss: 0.0165
Epoch [259/1000] Validation Accuracy: 36.33
Epoch [260/1000] Training Loss: 0.0111
Epoch [260/1000] Validation Accuracy: 34.80
Epoch [261/1000] Training Loss: 0.0190
Epoch [261/1000] Validation Accuracy: 36.86
Epoch [262/1000] Training Loss: 0.0152
Epoch [262/1000] Validation Accuracy: 36.81
Epoch [263/1000] Training Loss: 0.0354
Epoch [263/1000] Validation Accuracy: 36.33
Epoch [264/1000] Training Loss: 0.0584
Epoch [264/1000] Validation Accuracy: 35.43
Epoch [265/1000] Training Loss: 0.0111
Epoch [265/1000] Validation Accuracy: 35.96
Epoch [266/1000] Training Loss: 0.0385
Epoch [266/1000] Validation Accuracy: 35.81
Epoch [267/1000] Training Loss: 0.0241
Epoch [267/1000] Validation Accuracy: 36.44
Epoch [268/1000] Training Loss: 0.0638
Epoch [268/1000] Validation Accuracy: 36.76
Epoch [269/1000] Training Loss: 0.0558
Epoch [269/1000] Validation Accuracy: 36.44
Epoch [270/1000] Training Loss: 0.0058
Epoch [270/1000] Validation Accuracy: 35.91
Epoch [271/1000] Training Loss: 0.0252
Epoch [271/1000] Validation Accuracy: 36.23
Epoch [272/1000] Training Loss: 0.0538
Epoch [272/1000] Validation Accuracy: 36.12
Epoch [273/1000] Training Loss: 0.0710
Epoch [273/1000] Validation Accuracy: 35.65
Epoch [274/1000] Training Loss: 0.0366
Epoch [274/1000] Validation Accuracy: 36.28
Epoch [275/1000] Training Loss: 0.0256
Epoch [275/1000] Validation Accuracy: 37.02
Epoch [276/1000] Training Loss: 0.0070
Epoch [276/1000] Validation Accuracy: 36.60
Epoch [277/1000] Training Loss: 0.0296
Epoch [277/1000] Validation Accuracy: 37.55
Epoch [278/1000] Training Loss: 0.0363
Epoch [278/1000] Validation Accuracy: 35.06
Epoch [279/1000] Training Loss: 0.0524
Epoch [279/1000] Validation Accuracy: 37.34
Epoch [280/1000] Training Loss: 0.0136
Epoch [280/1000] Validation Accuracy: 35.86
Epoch [281/1000] Training Loss: 0.0244
Epoch [281/1000] Validation Accuracy: 36.28
Epoch [282/1000] Training Loss: 0.0422
Epoch [282/1000] Validation Accuracy: 36.55
Epoch [283/1000] Training Loss: 0.0130
Epoch [283/1000] Validation Accuracy: 36.49
Epoch [284/1000] Training Loss: 0.0105
Epoch [284/1000] Validation Accuracy: 35.86
Epoch [285/1000] Training Loss: 0.0104
Epoch [285/1000] Validation Accuracy: 36.49
Epoch [286/1000] Training Loss: 0.0228
Epoch [286/1000] Validation Accuracy: 36.60
Epoch [287/1000] Training Loss: 0.0194
Epoch [287/1000] Validation Accuracy: 36.92
Epoch [288/1000] Training Loss: 0.0100
Epoch [288/1000] Validation Accuracy: 36.81
Epoch [289/1000] Training Loss: 0.0044
Epoch [289/1000] Validation Accuracy: 36.97
Epoch [290/1000] Training Loss: 0.0744
Epoch [290/1000] Validation Accuracy: 34.75
Epoch [291/1000] Training Loss: 0.0732
Epoch [291/1000] Validation Accuracy: 36.28
Epoch [292/1000] Training Loss: 0.0313
Epoch [292/1000] Validation Accuracy: 36.07
Epoch [293/1000] Training Loss: 0.0269
Epoch [293/1000] Validation Accuracy: 36.44
Epoch [294/1000] Training Loss: 0.0600
Epoch [294/1000] Validation Accuracy: 36.02
Epoch [295/1000] Training Loss: 0.0066
Epoch [295/1000] Validation Accuracy: 36.07
Epoch [296/1000] Training Loss: 0.0052
Epoch [296/1000] Validation Accuracy: 36.76
Epoch [297/1000] Training Loss: 0.0129
Epoch [297/1000] Validation Accuracy: 35.86
Epoch [298/1000] Training Loss: 0.0321
Epoch [298/1000] Validation Accuracy: 36.07
Epoch [299/1000] Training Loss: 0.0124
Epoch [299/1000] Validation Accuracy: 36.65
Epoch [300/1000] Training Loss: 0.0126
Epoch [300/1000] Validation Accuracy: 36.12
Epoch [301/1000] Training Loss: 0.0170
Epoch [301/1000] Validation Accuracy: 36.18
Epoch [302/1000] Training Loss: 0.0473
Epoch [302/1000] Validation Accuracy: 36.07
Epoch [303/1000] Training Loss: 0.0119
Epoch [303/1000] Validation Accuracy: 36.86
Epoch [304/1000] Training Loss: 0.0424
Epoch [304/1000] Validation Accuracy: 36.02
Epoch [305/1000] Training Loss: 0.0726
Epoch [305/1000] Validation Accuracy: 35.75
Epoch [306/1000] Training Loss: 0.0132
Epoch [306/1000] Validation Accuracy: 36.97
Epoch [307/1000] Training Loss: 0.1134
Epoch [307/1000] Validation Accuracy: 37.71
Epoch [308/1000] Training Loss: 0.0072
Epoch [308/1000] Validation Accuracy: 35.91
Epoch [309/1000] Training Loss: 0.0208
Epoch [309/1000] Validation Accuracy: 36.12
Epoch [310/1000] Training Loss: 0.0028
Epoch [310/1000] Validation Accuracy: 35.70
Epoch [311/1000] Training Loss: 0.0067
Epoch [311/1000] Validation Accuracy: 36.39
Epoch [312/1000] Training Loss: 0.0121
Epoch [312/1000] Validation Accuracy: 35.70
Epoch [313/1000] Training Loss: 0.0101
Epoch [313/1000] Validation Accuracy: 36.71
Epoch [314/1000] Training Loss: 0.0215
Epoch [314/1000] Validation Accuracy: 37.02
Epoch [315/1000] Training Loss: 0.0987
Epoch [315/1000] Validation Accuracy: 36.07
Epoch [316/1000] Training Loss: 0.0508
Epoch [316/1000] Validation Accuracy: 35.86
Epoch [317/1000] Training Loss: 0.0112
Epoch [317/1000] Validation Accuracy: 36.12
Epoch [318/1000] Training Loss: 0.0043
Epoch [318/1000] Validation Accuracy: 34.59
Epoch [319/1000] Training Loss: 0.0060
Epoch [319/1000] Validation Accuracy: 36.23
Epoch [320/1000] Training Loss: 0.0054
Epoch [320/1000] Validation Accuracy: 36.02
Epoch [321/1000] Training Loss: 0.0064
Epoch [321/1000] Validation Accuracy: 37.08
Epoch [322/1000] Training Loss: 0.0154
Epoch [322/1000] Validation Accuracy: 36.44
Epoch [323/1000] Training Loss: 0.0090
Epoch [323/1000] Validation Accuracy: 37.08
Epoch [324/1000] Training Loss: 0.0096
Epoch [324/1000] Validation Accuracy: 36.44
Epoch [325/1000] Training Loss: 0.0436
Epoch [325/1000] Validation Accuracy: 36.81
Epoch [326/1000] Training Loss: 0.0205
Epoch [326/1000] Validation Accuracy: 36.71
Epoch [327/1000] Training Loss: 0.0082
Epoch [327/1000] Validation Accuracy: 36.55
Epoch [328/1000] Training Loss: 0.0077
Epoch [328/1000] Validation Accuracy: 36.81
Epoch [329/1000] Training Loss: 0.0047
Epoch [329/1000] Validation Accuracy: 36.97
Epoch [330/1000] Training Loss: 0.0127
Epoch [330/1000] Validation Accuracy: 36.44
Epoch [331/1000] Training Loss: 0.0428
Epoch [331/1000] Validation Accuracy: 34.06
Epoch [332/1000] Training Loss: 0.0060
Epoch [332/1000] Validation Accuracy: 37.08
Epoch [333/1000] Training Loss: 0.0098
Epoch [333/1000] Validation Accuracy: 37.39
Epoch [334/1000] Training Loss: 0.0057
Epoch [334/1000] Validation Accuracy: 36.02
Epoch [335/1000] Training Loss: 0.0088
Epoch [335/1000] Validation Accuracy: 36.86
Epoch [336/1000] Training Loss: 0.0934
Epoch [336/1000] Validation Accuracy: 36.76
Epoch [337/1000] Training Loss: 0.0034
Epoch [337/1000] Validation Accuracy: 36.55
Epoch [338/1000] Training Loss: 0.0498
Epoch [338/1000] Validation Accuracy: 36.65
Epoch [339/1000] Training Loss: 0.0020
Epoch [339/1000] Validation Accuracy: 37.08
Epoch [340/1000] Training Loss: 0.0035
Epoch [340/1000] Validation Accuracy: 36.55
Epoch [341/1000] Training Loss: 0.0063
Epoch [341/1000] Validation Accuracy: 36.23
Epoch [342/1000] Training Loss: 0.0099
Epoch [342/1000] Validation Accuracy: 34.43
Epoch [343/1000] Training Loss: 0.0061
Epoch [343/1000] Validation Accuracy: 36.39
Epoch [344/1000] Training Loss: 0.0284
Epoch [344/1000] Validation Accuracy: 36.49
Epoch [345/1000] Training Loss: 0.0014
Epoch [345/1000] Validation Accuracy: 36.97
Epoch [346/1000] Training Loss: 0.0159
Epoch [346/1000] Validation Accuracy: 36.60
Epoch [347/1000] Training Loss: 0.0029
Epoch [347/1000] Validation Accuracy: 36.97
Epoch [348/1000] Training Loss: 0.0048
Epoch [348/1000] Validation Accuracy: 36.07
Epoch [349/1000] Training Loss: 0.0093
Epoch [349/1000] Validation Accuracy: 36.39
Epoch [350/1000] Training Loss: 0.0046
Epoch [350/1000] Validation Accuracy: 37.08
Epoch [351/1000] Training Loss: 0.0092
Epoch [351/1000] Validation Accuracy: 35.70
Epoch [352/1000] Training Loss: 0.0031
Epoch [352/1000] Validation Accuracy: 36.92
Epoch [353/1000] Training Loss: 0.0029
Epoch [353/1000] Validation Accuracy: 36.86
Epoch [354/1000] Training Loss: 0.0043
Epoch [354/1000] Validation Accuracy: 36.65
Epoch [355/1000] Training Loss: 0.0051
Epoch [355/1000] Validation Accuracy: 37.08
Epoch [356/1000] Training Loss: 0.0037
Epoch [356/1000] Validation Accuracy: 36.97
Epoch [357/1000] Training Loss: 0.0037
Epoch [357/1000] Validation Accuracy: 36.23
Epoch [358/1000] Training Loss: 0.0093
Epoch [358/1000] Validation Accuracy: 36.33
Epoch [359/1000] Training Loss: 0.0041
Epoch [359/1000] Validation Accuracy: 37.02
Epoch [360/1000] Training Loss: 0.0024
Epoch [360/1000] Validation Accuracy: 36.55
Epoch [361/1000] Training Loss: 0.0032
Epoch [361/1000] Validation Accuracy: 36.49
Epoch [362/1000] Training Loss: 0.0041
Epoch [362/1000] Validation Accuracy: 36.02
Epoch [363/1000] Training Loss: 0.0022
Epoch [363/1000] Validation Accuracy: 36.18
Epoch [364/1000] Training Loss: 0.0182
Epoch [364/1000] Validation Accuracy: 36.65
Epoch [365/1000] Training Loss: 0.0053
Epoch [365/1000] Validation Accuracy: 36.49
Epoch [366/1000] Training Loss: 0.0038
Epoch [366/1000] Validation Accuracy: 36.65
Epoch [367/1000] Training Loss: 0.0340
Epoch [367/1000] Validation Accuracy: 35.22
Epoch [368/1000] Training Loss: 0.0421
Epoch [368/1000] Validation Accuracy: 35.96
Epoch [369/1000] Training Loss: 0.0067
Epoch [369/1000] Validation Accuracy: 35.54
Epoch [370/1000] Training Loss: 0.0373
Epoch [370/1000] Validation Accuracy: 37.18
Epoch [371/1000] Training Loss: 0.0033
Epoch [371/1000] Validation Accuracy: 36.71
Epoch [372/1000] Training Loss: 0.0048
Epoch [372/1000] Validation Accuracy: 36.44
Epoch [373/1000] Training Loss: 0.0386
Epoch [373/1000] Validation Accuracy: 36.71
Epoch [374/1000] Training Loss: 0.0053
Epoch [374/1000] Validation Accuracy: 36.60
Epoch [375/1000] Training Loss: 0.0028
Epoch [375/1000] Validation Accuracy: 37.18
Epoch [376/1000] Training Loss: 0.0705
Epoch [376/1000] Validation Accuracy: 36.55
Epoch [377/1000] Training Loss: 0.0044
Epoch [377/1000] Validation Accuracy: 35.75
Epoch [378/1000] Training Loss: 0.0018
Epoch [378/1000] Validation Accuracy: 35.91
Epoch [379/1000] Training Loss: 0.0048
Epoch [379/1000] Validation Accuracy: 36.55
Epoch [380/1000] Training Loss: 0.0019
Epoch [380/1000] Validation Accuracy: 36.49
Epoch [381/1000] Training Loss: 0.0044
Epoch [381/1000] Validation Accuracy: 36.28
Epoch [382/1000] Training Loss: 0.0053
Epoch [382/1000] Validation Accuracy: 35.86
Epoch [383/1000] Training Loss: 0.0096
Epoch [383/1000] Validation Accuracy: 36.71
Epoch [384/1000] Training Loss: 0.0034
Epoch [384/1000] Validation Accuracy: 36.97
Epoch [385/1000] Training Loss: 0.0074
Epoch [385/1000] Validation Accuracy: 36.39
Epoch [386/1000] Training Loss: 0.0036
Epoch [386/1000] Validation Accuracy: 36.18
Epoch [387/1000] Training Loss: 0.0027
Epoch [387/1000] Validation Accuracy: 35.96
Epoch [388/1000] Training Loss: 0.0169
Epoch [388/1000] Validation Accuracy: 35.81
Epoch [389/1000] Training Loss: 0.0054
Epoch [389/1000] Validation Accuracy: 35.96
Epoch [390/1000] Training Loss: 0.0848
Epoch [390/1000] Validation Accuracy: 37.18
Epoch [391/1000] Training Loss: 0.0037
Epoch [391/1000] Validation Accuracy: 36.81
Epoch [392/1000] Training Loss: 0.0159
Epoch [392/1000] Validation Accuracy: 35.38
Epoch [393/1000] Training Loss: 0.0886
Epoch [393/1000] Validation Accuracy: 36.76
Epoch [394/1000] Training Loss: 0.0292
Epoch [394/1000] Validation Accuracy: 34.06
Epoch [395/1000] Training Loss: 0.0098
Epoch [395/1000] Validation Accuracy: 34.38
Epoch [396/1000] Training Loss: 0.0029
Epoch [396/1000] Validation Accuracy: 36.81
Epoch [397/1000] Training Loss: 0.0032
Epoch [397/1000] Validation Accuracy: 37.24
Epoch [398/1000] Training Loss: 0.0023
Epoch [398/1000] Validation Accuracy: 35.86
Epoch [399/1000] Training Loss: 0.0063
Epoch [399/1000] Validation Accuracy: 37.13
Epoch [400/1000] Training Loss: 0.0009
Epoch [400/1000] Validation Accuracy: 36.60
Epoch [401/1000] Training Loss: 0.0019
Epoch [401/1000] Validation Accuracy: 36.76
Epoch [402/1000] Training Loss: 0.0156
Epoch [402/1000] Validation Accuracy: 36.49
Epoch [403/1000] Training Loss: 0.0031
Epoch [403/1000] Validation Accuracy: 35.81
Epoch [404/1000] Training Loss: 0.0035
Epoch [404/1000] Validation Accuracy: 35.33
Epoch [405/1000] Training Loss: 0.0064
Epoch [405/1000] Validation Accuracy: 36.71
Epoch [406/1000] Training Loss: 0.0044
Epoch [406/1000] Validation Accuracy: 36.49
Epoch [407/1000] Training Loss: 0.0016
Epoch [407/1000] Validation Accuracy: 36.86
Epoch [408/1000] Training Loss: 0.0024
Epoch [408/1000] Validation Accuracy: 36.55
Epoch [409/1000] Training Loss: 0.0076
Epoch [409/1000] Validation Accuracy: 37.13
Epoch [410/1000] Training Loss: 0.0168
Epoch [410/1000] Validation Accuracy: 36.49
Epoch [411/1000] Training Loss: 0.0341
Epoch [411/1000] Validation Accuracy: 36.28
Epoch [412/1000] Training Loss: 0.1491
Epoch [412/1000] Validation Accuracy: 36.92
Epoch [413/1000] Training Loss: 0.0025
Epoch [413/1000] Validation Accuracy: 36.28
Epoch [414/1000] Training Loss: 0.0041
Epoch [414/1000] Validation Accuracy: 37.13
Epoch [415/1000] Training Loss: 0.0040
Epoch [415/1000] Validation Accuracy: 37.29
Epoch [416/1000] Training Loss: 0.0037
Epoch [416/1000] Validation Accuracy: 37.50
Epoch [417/1000] Training Loss: 0.0017
Epoch [417/1000] Validation Accuracy: 36.18
Epoch [418/1000] Training Loss: 0.0376
Epoch [418/1000] Validation Accuracy: 35.59
Epoch [419/1000] Training Loss: 0.0054
Epoch [419/1000] Validation Accuracy: 35.49
Epoch [420/1000] Training Loss: 0.0051
Epoch [420/1000] Validation Accuracy: 35.59
Epoch [421/1000] Training Loss: 0.0714
Epoch [421/1000] Validation Accuracy: 36.65
Epoch [422/1000] Training Loss: 0.0601
Epoch [422/1000] Validation Accuracy: 37.82
Epoch [423/1000] Training Loss: 0.0028
Epoch [423/1000] Validation Accuracy: 36.23
Epoch [424/1000] Training Loss: 0.0164
Epoch [424/1000] Validation Accuracy: 37.45
Epoch [425/1000] Training Loss: 0.0060
Epoch [425/1000] Validation Accuracy: 37.24
Epoch [426/1000] Training Loss: 0.0030
Epoch [426/1000] Validation Accuracy: 36.02
Epoch [427/1000] Training Loss: 0.0036
Epoch [427/1000] Validation Accuracy: 35.75
Epoch [428/1000] Training Loss: 0.0025
Epoch [428/1000] Validation Accuracy: 36.49
Epoch [429/1000] Training Loss: 0.0012
Epoch [429/1000] Validation Accuracy: 36.55
Epoch [430/1000] Training Loss: 0.0059
Epoch [430/1000] Validation Accuracy: 36.81
Epoch [431/1000] Training Loss: 0.0037
Epoch [431/1000] Validation Accuracy: 37.02
Epoch [432/1000] Training Loss: 0.0229
Epoch [432/1000] Validation Accuracy: 37.13
Epoch [433/1000] Training Loss: 0.0208
Epoch [433/1000] Validation Accuracy: 37.61
Epoch [434/1000] Training Loss: 0.0805
Epoch [434/1000] Validation Accuracy: 36.65
Epoch [435/1000] Training Loss: 0.0122
Epoch [435/1000] Validation Accuracy: 37.08
Epoch [436/1000] Training Loss: 0.0022
Epoch [436/1000] Validation Accuracy: 37.45
Epoch [437/1000] Training Loss: 0.0418
Epoch [437/1000] Validation Accuracy: 37.29
Epoch [438/1000] Training Loss: 0.0024
Epoch [438/1000] Validation Accuracy: 36.97
Epoch [439/1000] Training Loss: 0.0011
Epoch [439/1000] Validation Accuracy: 36.97
Epoch [440/1000] Training Loss: 0.0082
Epoch [440/1000] Validation Accuracy: 37.02
Epoch [441/1000] Training Loss: 0.0203
Epoch [441/1000] Validation Accuracy: 38.14
Epoch [442/1000] Training Loss: 0.0011
Epoch [442/1000] Validation Accuracy: 37.66
Epoch [443/1000] Training Loss: 0.0009
Epoch [443/1000] Validation Accuracy: 37.39
Epoch [444/1000] Training Loss: 0.0016
Epoch [444/1000] Validation Accuracy: 37.61
Epoch [445/1000] Training Loss: 0.0060
Epoch [445/1000] Validation Accuracy: 36.76
Epoch [446/1000] Training Loss: 0.0281
Epoch [446/1000] Validation Accuracy: 37.45
Epoch [447/1000] Training Loss: 0.0495
Epoch [447/1000] Validation Accuracy: 36.71
Epoch [448/1000] Training Loss: 0.0032
Epoch [448/1000] Validation Accuracy: 36.86
Epoch [449/1000] Training Loss: 0.0014
Epoch [449/1000] Validation Accuracy: 36.60
Epoch [450/1000] Training Loss: 0.0018
Epoch [450/1000] Validation Accuracy: 36.71
Epoch [451/1000] Training Loss: 0.0459
Epoch [451/1000] Validation Accuracy: 37.18
Epoch [452/1000] Training Loss: 0.0010
Epoch [452/1000] Validation Accuracy: 36.97
Epoch [453/1000] Training Loss: 0.0013
Epoch [453/1000] Validation Accuracy: 37.50
Epoch [454/1000] Training Loss: 0.0009
Epoch [454/1000] Validation Accuracy: 37.55
Epoch [455/1000] Training Loss: 0.0069
Epoch [455/1000] Validation Accuracy: 37.55
Epoch [456/1000] Training Loss: 0.0159
Epoch [456/1000] Validation Accuracy: 36.92
Epoch [457/1000] Training Loss: 0.0031
Epoch [457/1000] Validation Accuracy: 36.76
Epoch [458/1000] Training Loss: 0.0015
Epoch [458/1000] Validation Accuracy: 37.45
Epoch [459/1000] Training Loss: 0.0012
Epoch [459/1000] Validation Accuracy: 37.02
Epoch [460/1000] Training Loss: 0.0039
Epoch [460/1000] Validation Accuracy: 37.13
Epoch [461/1000] Training Loss: 0.0019
Epoch [461/1000] Validation Accuracy: 36.92
Epoch [462/1000] Training Loss: 0.0011
Epoch [462/1000] Validation Accuracy: 36.55
Epoch [463/1000] Training Loss: 0.0045
Epoch [463/1000] Validation Accuracy: 37.02
Epoch [464/1000] Training Loss: 0.0016
Epoch [464/1000] Validation Accuracy: 36.33
Epoch [465/1000] Training Loss: 0.0072
Epoch [465/1000] Validation Accuracy: 36.92
Epoch [466/1000] Training Loss: 0.0012
Epoch [466/1000] Validation Accuracy: 35.17
Epoch [467/1000] Training Loss: 0.0914
Epoch [467/1000] Validation Accuracy: 37.24
Epoch [468/1000] Training Loss: 0.0006
Epoch [468/1000] Validation Accuracy: 36.81
Epoch [469/1000] Training Loss: 0.0085
Epoch [469/1000] Validation Accuracy: 35.96
Epoch [470/1000] Training Loss: 0.0014
Epoch [470/1000] Validation Accuracy: 37.24
Epoch [471/1000] Training Loss: 0.0009
Epoch [471/1000] Validation Accuracy: 36.81
Epoch [472/1000] Training Loss: 0.0061
Epoch [472/1000] Validation Accuracy: 37.02
Epoch [473/1000] Training Loss: 0.0010
Epoch [473/1000] Validation Accuracy: 35.65
Epoch [474/1000] Training Loss: 0.0018
Epoch [474/1000] Validation Accuracy: 34.69
Epoch [475/1000] Training Loss: 0.0021
Epoch [475/1000] Validation Accuracy: 36.55
Epoch [476/1000] Training Loss: 0.0020
Epoch [476/1000] Validation Accuracy: 37.08
Epoch [477/1000] Training Loss: 0.0019
Epoch [477/1000] Validation Accuracy: 37.39
Epoch [478/1000] Training Loss: 0.0210
Epoch [478/1000] Validation Accuracy: 37.34
Epoch [479/1000] Training Loss: 0.0034
Epoch [479/1000] Validation Accuracy: 35.01
Epoch [480/1000] Training Loss: 0.0018
Epoch [480/1000] Validation Accuracy: 36.49
Epoch [481/1000] Training Loss: 0.0011
Epoch [481/1000] Validation Accuracy: 36.92
Epoch [482/1000] Training Loss: 0.0185
Epoch [482/1000] Validation Accuracy: 35.81
Epoch [483/1000] Training Loss: 0.0034
Epoch [483/1000] Validation Accuracy: 36.76
Epoch [484/1000] Training Loss: 0.0019
Epoch [484/1000] Validation Accuracy: 37.29
Epoch [485/1000] Training Loss: 0.0103
Epoch [485/1000] Validation Accuracy: 35.49
Epoch [486/1000] Training Loss: 0.0025
Epoch [486/1000] Validation Accuracy: 37.08
Epoch [487/1000] Training Loss: 0.0039
Epoch [487/1000] Validation Accuracy: 36.86
Epoch [488/1000] Training Loss: 0.0008
Epoch [488/1000] Validation Accuracy: 36.60
Epoch [489/1000] Training Loss: 0.0007
Epoch [489/1000] Validation Accuracy: 36.65
Epoch [490/1000] Training Loss: 0.0007
Epoch [490/1000] Validation Accuracy: 35.96
Epoch [491/1000] Training Loss: 0.0006
Epoch [491/1000] Validation Accuracy: 36.12
Epoch [492/1000] Training Loss: 0.0237
Epoch [492/1000] Validation Accuracy: 37.50
Epoch [493/1000] Training Loss: 0.0009
Epoch [493/1000] Validation Accuracy: 37.29
Epoch [494/1000] Training Loss: 0.0015
Epoch [494/1000] Validation Accuracy: 36.76
Epoch [495/1000] Training Loss: 0.1077
Epoch [495/1000] Validation Accuracy: 37.02
Epoch [496/1000] Training Loss: 0.0258
Epoch [496/1000] Validation Accuracy: 35.91
Epoch [497/1000] Training Loss: 0.0009
Epoch [497/1000] Validation Accuracy: 37.02
Epoch [498/1000] Training Loss: 0.0015
Epoch [498/1000] Validation Accuracy: 37.13
Epoch [499/1000] Training Loss: 0.0021
Epoch [499/1000] Validation Accuracy: 36.65
Epoch [500/1000] Training Loss: 0.0016
Epoch [500/1000] Validation Accuracy: 36.12
Epoch [501/1000] Training Loss: 0.0014
Epoch [501/1000] Validation Accuracy: 35.96
Epoch [502/1000] Training Loss: 0.0046
Epoch [502/1000] Validation Accuracy: 36.39
Epoch [503/1000] Training Loss: 0.0014
Epoch [503/1000] Validation Accuracy: 36.71
Epoch [504/1000] Training Loss: 0.0005
Epoch [504/1000] Validation Accuracy: 36.81
Epoch [505/1000] Training Loss: 0.0013
Epoch [505/1000] Validation Accuracy: 34.00
Epoch [506/1000] Training Loss: 0.0009
Epoch [506/1000] Validation Accuracy: 36.44
Epoch [507/1000] Training Loss: 0.0014
Epoch [507/1000] Validation Accuracy: 36.02
Epoch [508/1000] Training Loss: 0.0013
Epoch [508/1000] Validation Accuracy: 37.39
Epoch [509/1000] Training Loss: 0.0010
Epoch [509/1000] Validation Accuracy: 37.34
Epoch [510/1000] Training Loss: 0.0008
Epoch [510/1000] Validation Accuracy: 36.97
Epoch [511/1000] Training Loss: 0.0015
Epoch [511/1000] Validation Accuracy: 36.28
Epoch [512/1000] Training Loss: 0.0021
Epoch [512/1000] Validation Accuracy: 35.38
Epoch [513/1000] Training Loss: 0.0019
Epoch [513/1000] Validation Accuracy: 36.02
Epoch [514/1000] Training Loss: 0.0117
Epoch [514/1000] Validation Accuracy: 36.18
Epoch [515/1000] Training Loss: 0.0014
Epoch [515/1000] Validation Accuracy: 36.71
Epoch [516/1000] Training Loss: 0.0006
Epoch [516/1000] Validation Accuracy: 35.91
Epoch [517/1000] Training Loss: 0.0430
Epoch [517/1000] Validation Accuracy: 36.60
Epoch [518/1000] Training Loss: 0.0202
Epoch [518/1000] Validation Accuracy: 36.97
Epoch [519/1000] Training Loss: 0.0205
Epoch [519/1000] Validation Accuracy: 35.17
Epoch [520/1000] Training Loss: 0.0007
Epoch [520/1000] Validation Accuracy: 35.91
Epoch [521/1000] Training Loss: 0.0037
Epoch [521/1000] Validation Accuracy: 36.33
Epoch [522/1000] Training Loss: 0.0011
Epoch [522/1000] Validation Accuracy: 36.55
Epoch [523/1000] Training Loss: 0.0022
Epoch [523/1000] Validation Accuracy: 35.81
Epoch [524/1000] Training Loss: 0.0008
Epoch [524/1000] Validation Accuracy: 37.02
Epoch [525/1000] Training Loss: 0.0006
Epoch [525/1000] Validation Accuracy: 36.23
Epoch [526/1000] Training Loss: 0.0008
Epoch [526/1000] Validation Accuracy: 37.55
Epoch [527/1000] Training Loss: 0.0005
Epoch [527/1000] Validation Accuracy: 36.86
Epoch [528/1000] Training Loss: 0.0012
Epoch [528/1000] Validation Accuracy: 37.45
Epoch [529/1000] Training Loss: 0.0060
Epoch [529/1000] Validation Accuracy: 36.02
Epoch [530/1000] Training Loss: 0.0009
Epoch [530/1000] Validation Accuracy: 36.23
Epoch [531/1000] Training Loss: 0.0224
Epoch [531/1000] Validation Accuracy: 36.86
Epoch [532/1000] Training Loss: 0.0006
Epoch [532/1000] Validation Accuracy: 36.33
Epoch [533/1000] Training Loss: 0.0017
Epoch [533/1000] Validation Accuracy: 36.12
Epoch [534/1000] Training Loss: 0.0068
Epoch [534/1000] Validation Accuracy: 35.96
Epoch [535/1000] Training Loss: 0.0003
Epoch [535/1000] Validation Accuracy: 35.43
Epoch [536/1000] Training Loss: 0.0004
Epoch [536/1000] Validation Accuracy: 35.86
Epoch [537/1000] Training Loss: 0.1025
Epoch [537/1000] Validation Accuracy: 37.50
Epoch [538/1000] Training Loss: 0.0197
Epoch [538/1000] Validation Accuracy: 36.49
Epoch [539/1000] Training Loss: 0.0073
Epoch [539/1000] Validation Accuracy: 37.18
Epoch [540/1000] Training Loss: 0.0008
Epoch [540/1000] Validation Accuracy: 37.29
Epoch [541/1000] Training Loss: 0.0005
Epoch [541/1000] Validation Accuracy: 37.02
Epoch [542/1000] Training Loss: 0.0011
Epoch [542/1000] Validation Accuracy: 37.24
Epoch [543/1000] Training Loss: 0.0004
Epoch [543/1000] Validation Accuracy: 37.55
Epoch [544/1000] Training Loss: 0.0012
Epoch [544/1000] Validation Accuracy: 37.18
Epoch [545/1000] Training Loss: 0.0153
Epoch [545/1000] Validation Accuracy: 37.34
Epoch [546/1000] Training Loss: 0.0005
Epoch [546/1000] Validation Accuracy: 36.49
Epoch [547/1000] Training Loss: 0.0018
Epoch [547/1000] Validation Accuracy: 37.02
Epoch [548/1000] Training Loss: 0.0005
Epoch [548/1000] Validation Accuracy: 36.71
Epoch [549/1000] Training Loss: 0.0015
Epoch [549/1000] Validation Accuracy: 37.08
Epoch [550/1000] Training Loss: 0.0007
Epoch [550/1000] Validation Accuracy: 36.65
Epoch [551/1000] Training Loss: 0.0004
Epoch [551/1000] Validation Accuracy: 35.59
Epoch [552/1000] Training Loss: 0.0011
Epoch [552/1000] Validation Accuracy: 35.33
Epoch [553/1000] Training Loss: 0.0010
Epoch [553/1000] Validation Accuracy: 36.92
Epoch [554/1000] Training Loss: 0.0007
Epoch [554/1000] Validation Accuracy: 36.81
Epoch [555/1000] Training Loss: 0.0014
Epoch [555/1000] Validation Accuracy: 37.39
Epoch [556/1000] Training Loss: 0.0185
Epoch [556/1000] Validation Accuracy: 37.18
Epoch [557/1000] Training Loss: 0.0034
Epoch [557/1000] Validation Accuracy: 37.02
Epoch [558/1000] Training Loss: 0.0005
Epoch [558/1000] Validation Accuracy: 35.86
Epoch [559/1000] Training Loss: 0.0010
Epoch [559/1000] Validation Accuracy: 36.12
Epoch [560/1000] Training Loss: 0.0015
Epoch [560/1000] Validation Accuracy: 36.07
Epoch [561/1000] Training Loss: 0.0029
Epoch [561/1000] Validation Accuracy: 35.06
Epoch [562/1000] Training Loss: 0.0018
Epoch [562/1000] Validation Accuracy: 37.45
Epoch [563/1000] Training Loss: 0.0003
Epoch [563/1000] Validation Accuracy: 37.18
Epoch [564/1000] Training Loss: 0.0013
Epoch [564/1000] Validation Accuracy: 35.54
Epoch [565/1000] Training Loss: 0.0008
Epoch [565/1000] Validation Accuracy: 37.61
Epoch [566/1000] Training Loss: 0.0005
Epoch [566/1000] Validation Accuracy: 35.96
Epoch [567/1000] Training Loss: 0.0009
Epoch [567/1000] Validation Accuracy: 37.39
Epoch [568/1000] Training Loss: 0.0006
Epoch [568/1000] Validation Accuracy: 36.12
Epoch [569/1000] Training Loss: 0.0005
Epoch [569/1000] Validation Accuracy: 35.96
Epoch [570/1000] Training Loss: 0.0014
Epoch [570/1000] Validation Accuracy: 37.18
Epoch [571/1000] Training Loss: 0.0003
Epoch [571/1000] Validation Accuracy: 36.71
Epoch [572/1000] Training Loss: 0.0002
Epoch [572/1000] Validation Accuracy: 35.81
Epoch [573/1000] Training Loss: 0.0013
Epoch [573/1000] Validation Accuracy: 37.50
Epoch [574/1000] Training Loss: 0.0010
Epoch [574/1000] Validation Accuracy: 37.34
Epoch [575/1000] Training Loss: 0.0003
Epoch [575/1000] Validation Accuracy: 37.45
Epoch [576/1000] Training Loss: 0.0015
Epoch [576/1000] Validation Accuracy: 34.90
Epoch [577/1000] Training Loss: 0.0418
Epoch [577/1000] Validation Accuracy: 37.18
Epoch [578/1000] Training Loss: 0.0008
Epoch [578/1000] Validation Accuracy: 36.97
Epoch [579/1000] Training Loss: 0.0006
Epoch [579/1000] Validation Accuracy: 37.71
Epoch [580/1000] Training Loss: 0.0024
Epoch [580/1000] Validation Accuracy: 37.08
Epoch [581/1000] Training Loss: 0.0452
Epoch [581/1000] Validation Accuracy: 34.48
Epoch [582/1000] Training Loss: 0.0014
Epoch [582/1000] Validation Accuracy: 35.49
Epoch [583/1000] Training Loss: 0.0011
Epoch [583/1000] Validation Accuracy: 36.44
Epoch [584/1000] Training Loss: 0.0011
Epoch [584/1000] Validation Accuracy: 36.07
Epoch [585/1000] Training Loss: 0.0028
Epoch [585/1000] Validation Accuracy: 36.81
Epoch [586/1000] Training Loss: 0.0017
Epoch [586/1000] Validation Accuracy: 36.71
Epoch [587/1000] Training Loss: 0.0008
Epoch [587/1000] Validation Accuracy: 37.02
Epoch [588/1000] Training Loss: 0.0005
Epoch [588/1000] Validation Accuracy: 35.75
Epoch [589/1000] Training Loss: 0.1082
Epoch [589/1000] Validation Accuracy: 37.08
Epoch [590/1000] Training Loss: 0.0014
Epoch [590/1000] Validation Accuracy: 36.71
Epoch [591/1000] Training Loss: 0.0006
Epoch [591/1000] Validation Accuracy: 35.75
Epoch [592/1000] Training Loss: 0.0005
Epoch [592/1000] Validation Accuracy: 37.18
Epoch [593/1000] Training Loss: 0.0060
Epoch [593/1000] Validation Accuracy: 32.31
Epoch [594/1000] Training Loss: 0.0004
Epoch [594/1000] Validation Accuracy: 35.12
Epoch [595/1000] Training Loss: 0.0004
Epoch [595/1000] Validation Accuracy: 37.50
Epoch [596/1000] Training Loss: 0.0034
Epoch [596/1000] Validation Accuracy: 37.87
Epoch [597/1000] Training Loss: 0.0311
Epoch [597/1000] Validation Accuracy: 37.24
Epoch [598/1000] Training Loss: 0.0008
Epoch [598/1000] Validation Accuracy: 38.08
Epoch [599/1000] Training Loss: 0.0004
Epoch [599/1000] Validation Accuracy: 36.28
Epoch [600/1000] Training Loss: 0.0006
Epoch [600/1000] Validation Accuracy: 37.82
Epoch [601/1000] Training Loss: 0.0009
Epoch [601/1000] Validation Accuracy: 37.34
Epoch [602/1000] Training Loss: 0.0004
Epoch [602/1000] Validation Accuracy: 35.28
Epoch [603/1000] Training Loss: 0.0005
Epoch [603/1000] Validation Accuracy: 36.28
Epoch [604/1000] Training Loss: 0.0014
Epoch [604/1000] Validation Accuracy: 36.76
Epoch [605/1000] Training Loss: 0.0121
Epoch [605/1000] Validation Accuracy: 36.76
Epoch [606/1000] Training Loss: 0.0005
Epoch [606/1000] Validation Accuracy: 34.80
Epoch [607/1000] Training Loss: 0.0006
Epoch [607/1000] Validation Accuracy: 37.71
Epoch [608/1000] Training Loss: 0.0003
Epoch [608/1000] Validation Accuracy: 36.92
Epoch [609/1000] Training Loss: 0.0060
Epoch [609/1000] Validation Accuracy: 36.33
Epoch [610/1000] Training Loss: 0.0004
Epoch [610/1000] Validation Accuracy: 37.24
Epoch [611/1000] Training Loss: 0.0015
Epoch [611/1000] Validation Accuracy: 37.39
Epoch [612/1000] Training Loss: 0.0161
Epoch [612/1000] Validation Accuracy: 37.45
Epoch [613/1000] Training Loss: 0.0175
Epoch [613/1000] Validation Accuracy: 35.86
Epoch [614/1000] Training Loss: 0.0004
Epoch [614/1000] Validation Accuracy: 35.75
Epoch [615/1000] Training Loss: 0.0007
Epoch [615/1000] Validation Accuracy: 37.18
Epoch [616/1000] Training Loss: 0.0003
Epoch [616/1000] Validation Accuracy: 37.02
Epoch [617/1000] Training Loss: 0.0008
Epoch [617/1000] Validation Accuracy: 36.07
Epoch [618/1000] Training Loss: 0.1045
Epoch [618/1000] Validation Accuracy: 35.91
Epoch [619/1000] Training Loss: 0.0013
Epoch [619/1000] Validation Accuracy: 37.13
Epoch [620/1000] Training Loss: 0.0007
Epoch [620/1000] Validation Accuracy: 36.92
Epoch [621/1000] Training Loss: 0.0014
Epoch [621/1000] Validation Accuracy: 34.85
Epoch [622/1000] Training Loss: 0.0194
Epoch [622/1000] Validation Accuracy: 36.60
Epoch [623/1000] Training Loss: 0.0014
Epoch [623/1000] Validation Accuracy: 36.49
Epoch [624/1000] Training Loss: 0.0014
Epoch [624/1000] Validation Accuracy: 37.34
Epoch [625/1000] Training Loss: 0.0026
Epoch [625/1000] Validation Accuracy: 35.65
Epoch [626/1000] Training Loss: 0.0003
Epoch [626/1000] Validation Accuracy: 34.43
Epoch [627/1000] Training Loss: 0.0006
Epoch [627/1000] Validation Accuracy: 36.49
Epoch [628/1000] Training Loss: 0.0009
Epoch [628/1000] Validation Accuracy: 37.24
Epoch [629/1000] Training Loss: 0.0010
Epoch [629/1000] Validation Accuracy: 36.71
Epoch [630/1000] Training Loss: 0.0019
Epoch [630/1000] Validation Accuracy: 35.33
Epoch [631/1000] Training Loss: 0.0002
Epoch [631/1000] Validation Accuracy: 35.96
Epoch [632/1000] Training Loss: 0.0025
Epoch [632/1000] Validation Accuracy: 37.82
Epoch [633/1000] Training Loss: 0.0002
Epoch [633/1000] Validation Accuracy: 36.28
Epoch [634/1000] Training Loss: 0.0016
Epoch [634/1000] Validation Accuracy: 34.48
Epoch [635/1000] Training Loss: 0.0005
Epoch [635/1000] Validation Accuracy: 37.34
Epoch [636/1000] Training Loss: 0.0005
Epoch [636/1000] Validation Accuracy: 37.24
Epoch [637/1000] Training Loss: 0.0185
Epoch [637/1000] Validation Accuracy: 36.55
Epoch [638/1000] Training Loss: 0.0010
Epoch [638/1000] Validation Accuracy: 37.39
Epoch [639/1000] Training Loss: 0.0005
Epoch [639/1000] Validation Accuracy: 36.86
Epoch [640/1000] Training Loss: 0.0151
Epoch [640/1000] Validation Accuracy: 37.87
Epoch [641/1000] Training Loss: 0.0006
Epoch [641/1000] Validation Accuracy: 36.28
Epoch [642/1000] Training Loss: 0.0013
Epoch [642/1000] Validation Accuracy: 36.81
Epoch [643/1000] Training Loss: 0.0009
Epoch [643/1000] Validation Accuracy: 37.71
Epoch [644/1000] Training Loss: 0.0005
Epoch [644/1000] Validation Accuracy: 36.76
Epoch [645/1000] Training Loss: 0.0004
Epoch [645/1000] Validation Accuracy: 35.38
Epoch [646/1000] Training Loss: 0.0002
Epoch [646/1000] Validation Accuracy: 35.12
Epoch [647/1000] Training Loss: 0.0003
Epoch [647/1000] Validation Accuracy: 36.12
Epoch [648/1000] Training Loss: 0.0009
Epoch [648/1000] Validation Accuracy: 37.24
Epoch [649/1000] Training Loss: 0.0269
Epoch [649/1000] Validation Accuracy: 37.39
Epoch [650/1000] Training Loss: 0.0002
Epoch [650/1000] Validation Accuracy: 36.49
Epoch [651/1000] Training Loss: 0.0004
Epoch [651/1000] Validation Accuracy: 36.28
Epoch [652/1000] Training Loss: 0.0004
Epoch [652/1000] Validation Accuracy: 37.39
Epoch [653/1000] Training Loss: 0.0011
Epoch [653/1000] Validation Accuracy: 37.66
Epoch [654/1000] Training Loss: 0.0145
Epoch [654/1000] Validation Accuracy: 36.71
Epoch [655/1000] Training Loss: 0.0183
Epoch [655/1000] Validation Accuracy: 33.37
Epoch [656/1000] Training Loss: 0.0005
Epoch [656/1000] Validation Accuracy: 36.12
Epoch [657/1000] Training Loss: 0.0006
Epoch [657/1000] Validation Accuracy: 36.86
Epoch [658/1000] Training Loss: 0.0004
Epoch [658/1000] Validation Accuracy: 37.08
Epoch [659/1000] Training Loss: 0.0021
Epoch [659/1000] Validation Accuracy: 33.90
Epoch [660/1000] Training Loss: 0.0174
Epoch [660/1000] Validation Accuracy: 35.81
Epoch [661/1000] Training Loss: 0.0048
Epoch [661/1000] Validation Accuracy: 34.48
Epoch [662/1000] Training Loss: 0.0161
Epoch [662/1000] Validation Accuracy: 36.12
Epoch [663/1000] Training Loss: 0.0006
Epoch [663/1000] Validation Accuracy: 36.76
Epoch [664/1000] Training Loss: 0.0009
Epoch [664/1000] Validation Accuracy: 35.59
Epoch [665/1000] Training Loss: 0.0042
Epoch [665/1000] Validation Accuracy: 36.39
Epoch [666/1000] Training Loss: 0.0004
Epoch [666/1000] Validation Accuracy: 37.18
Epoch [667/1000] Training Loss: 0.0006
Epoch [667/1000] Validation Accuracy: 37.82
Epoch [668/1000] Training Loss: 0.0004
Epoch [668/1000] Validation Accuracy: 37.24
Epoch [669/1000] Training Loss: 0.0009
Epoch [669/1000] Validation Accuracy: 35.01
Epoch [670/1000] Training Loss: 0.0131
Epoch [670/1000] Validation Accuracy: 36.33
Epoch [671/1000] Training Loss: 0.0002
Epoch [671/1000] Validation Accuracy: 37.29
Epoch [672/1000] Training Loss: 0.0005
Epoch [672/1000] Validation Accuracy: 37.02
Epoch [673/1000] Training Loss: 0.0006
Epoch [673/1000] Validation Accuracy: 36.23
Epoch [674/1000] Training Loss: 0.0165
Epoch [674/1000] Validation Accuracy: 34.80
Epoch [675/1000] Training Loss: 0.0006
Epoch [675/1000] Validation Accuracy: 37.08
Epoch [676/1000] Training Loss: 0.0006
Epoch [676/1000] Validation Accuracy: 33.79
Epoch [677/1000] Training Loss: 0.0003
Epoch [677/1000] Validation Accuracy: 37.45
Epoch [678/1000] Training Loss: 0.0002
Epoch [678/1000] Validation Accuracy: 35.54
Epoch [679/1000] Training Loss: 0.0010
Epoch [679/1000] Validation Accuracy: 36.39
Epoch [680/1000] Training Loss: 0.0006
Epoch [680/1000] Validation Accuracy: 37.45
Epoch [681/1000] Training Loss: 0.0005
Epoch [681/1000] Validation Accuracy: 35.49
Epoch [682/1000] Training Loss: 0.0004
Epoch [682/1000] Validation Accuracy: 37.34
Epoch [683/1000] Training Loss: 0.0002
Epoch [683/1000] Validation Accuracy: 35.06
Epoch [684/1000] Training Loss: 0.0004
Epoch [684/1000] Validation Accuracy: 37.76
Epoch [685/1000] Training Loss: 0.0030
Epoch [685/1000] Validation Accuracy: 36.92
Epoch [686/1000] Training Loss: 0.0014
Epoch [686/1000] Validation Accuracy: 36.44
Epoch [687/1000] Training Loss: 0.0003
Epoch [687/1000] Validation Accuracy: 35.49
Epoch [688/1000] Training Loss: 0.0004
Epoch [688/1000] Validation Accuracy: 34.53
Epoch [689/1000] Training Loss: 0.0006
Epoch [689/1000] Validation Accuracy: 36.49
Epoch [690/1000] Training Loss: 0.0008
Epoch [690/1000] Validation Accuracy: 36.39
Epoch [691/1000] Training Loss: 0.0002
Epoch [691/1000] Validation Accuracy: 36.71
Epoch [692/1000] Training Loss: 0.0002
Epoch [692/1000] Validation Accuracy: 36.76
Epoch [693/1000] Training Loss: 0.0002
Epoch [693/1000] Validation Accuracy: 35.49
Epoch [694/1000] Training Loss: 0.0354
Epoch [694/1000] Validation Accuracy: 35.81
Epoch [695/1000] Training Loss: 0.0018
Epoch [695/1000] Validation Accuracy: 36.33
Epoch [696/1000] Training Loss: 0.0002
Epoch [696/1000] Validation Accuracy: 35.59
Epoch [697/1000] Training Loss: 0.0002
Epoch [697/1000] Validation Accuracy: 37.29
Epoch [698/1000] Training Loss: 0.0282
Epoch [698/1000] Validation Accuracy: 37.29
Epoch [699/1000] Training Loss: 0.0005
Epoch [699/1000] Validation Accuracy: 36.49
Epoch [700/1000] Training Loss: 0.0003
Epoch [700/1000] Validation Accuracy: 37.02
Epoch [701/1000] Training Loss: 0.0012
Epoch [701/1000] Validation Accuracy: 36.28
Epoch [702/1000] Training Loss: 0.0004
Epoch [702/1000] Validation Accuracy: 37.66
Epoch [703/1000] Training Loss: 0.0006
Epoch [703/1000] Validation Accuracy: 36.97
Epoch [704/1000] Training Loss: 0.0007
Epoch [704/1000] Validation Accuracy: 36.60
Epoch [705/1000] Training Loss: 0.0193
Epoch [705/1000] Validation Accuracy: 37.50
Epoch [706/1000] Training Loss: 0.0006
Epoch [706/1000] Validation Accuracy: 36.92
Epoch [707/1000] Training Loss: 0.0002
Epoch [707/1000] Validation Accuracy: 36.44
Epoch [708/1000] Training Loss: 0.0003
Epoch [708/1000] Validation Accuracy: 36.97
Epoch [709/1000] Training Loss: 0.0003
Epoch [709/1000] Validation Accuracy: 37.13
Epoch [710/1000] Training Loss: 0.0003
Epoch [710/1000] Validation Accuracy: 36.76
Epoch [711/1000] Training Loss: 0.0196
Epoch [711/1000] Validation Accuracy: 34.27
Epoch [712/1000] Training Loss: 0.0042
Epoch [712/1000] Validation Accuracy: 37.08
Epoch [713/1000] Training Loss: 0.0003
Epoch [713/1000] Validation Accuracy: 37.34
Epoch [714/1000] Training Loss: 0.0177
Epoch [714/1000] Validation Accuracy: 35.01
Epoch [715/1000] Training Loss: 0.0002
Epoch [715/1000] Validation Accuracy: 37.61
Epoch [716/1000] Training Loss: 0.0006
Epoch [716/1000] Validation Accuracy: 34.53
Epoch [717/1000] Training Loss: 0.0003
Epoch [717/1000] Validation Accuracy: 36.18
Epoch [718/1000] Training Loss: 0.0004
Epoch [718/1000] Validation Accuracy: 32.57
Epoch [719/1000] Training Loss: 0.0046
Epoch [719/1000] Validation Accuracy: 32.31
Epoch [720/1000] Training Loss: 0.0006
Epoch [720/1000] Validation Accuracy: 37.18
Epoch [721/1000] Training Loss: 0.0002
Epoch [721/1000] Validation Accuracy: 36.12
Epoch [722/1000] Training Loss: 0.0159
Epoch [722/1000] Validation Accuracy: 33.42
Epoch [723/1000] Training Loss: 0.0003
Epoch [723/1000] Validation Accuracy: 36.81
Epoch [724/1000] Training Loss: 0.0004
Epoch [724/1000] Validation Accuracy: 36.92
Epoch [725/1000] Training Loss: 0.0003
Epoch [725/1000] Validation Accuracy: 37.24
Epoch [726/1000] Training Loss: 0.0002
Epoch [726/1000] Validation Accuracy: 36.02
Epoch [727/1000] Training Loss: 0.0006
Epoch [727/1000] Validation Accuracy: 37.24
Epoch [728/1000] Training Loss: 0.0002
Epoch [728/1000] Validation Accuracy: 35.12
Epoch [729/1000] Training Loss: 0.0003
Epoch [729/1000] Validation Accuracy: 37.34
Epoch [730/1000] Training Loss: 0.0005
Epoch [730/1000] Validation Accuracy: 34.48
Epoch [731/1000] Training Loss: 0.1048
Epoch [731/1000] Validation Accuracy: 33.90
Epoch [732/1000] Training Loss: 0.0005
Epoch [732/1000] Validation Accuracy: 36.81
Epoch [733/1000] Training Loss: 0.0006
Epoch [733/1000] Validation Accuracy: 38.19
Epoch [734/1000] Training Loss: 0.0004
Epoch [734/1000] Validation Accuracy: 33.16
Epoch [735/1000] Training Loss: 0.0096
Epoch [735/1000] Validation Accuracy: 36.76
Epoch [736/1000] Training Loss: 0.0195
Epoch [736/1000] Validation Accuracy: 31.36
Epoch [737/1000] Training Loss: 0.0002
Epoch [737/1000] Validation Accuracy: 37.18
Epoch [738/1000] Training Loss: 0.0002
Epoch [738/1000] Validation Accuracy: 38.82
Epoch [739/1000] Training Loss: 0.0502
Epoch [739/1000] Validation Accuracy: 36.33
Epoch [740/1000] Training Loss: 0.0002
Epoch [740/1000] Validation Accuracy: 36.18
Epoch [741/1000] Training Loss: 0.0002
Epoch [741/1000] Validation Accuracy: 37.24
Epoch [742/1000] Training Loss: 0.0159
Epoch [742/1000] Validation Accuracy: 36.71
Epoch [743/1000] Training Loss: 0.0014
Epoch [743/1000] Validation Accuracy: 34.90
Epoch [744/1000] Training Loss: 0.0134
Epoch [744/1000] Validation Accuracy: 37.18
Epoch [745/1000] Training Loss: 0.0002
Epoch [745/1000] Validation Accuracy: 37.61
Epoch [746/1000] Training Loss: 0.0005
Epoch [746/1000] Validation Accuracy: 36.71
Epoch [747/1000] Training Loss: 0.0004
Epoch [747/1000] Validation Accuracy: 37.82
Epoch [748/1000] Training Loss: 0.0005
Epoch [748/1000] Validation Accuracy: 37.02
Epoch [749/1000] Training Loss: 0.0005
Epoch [749/1000] Validation Accuracy: 37.66
Epoch [750/1000] Training Loss: 0.0167
Epoch [750/1000] Validation Accuracy: 36.71
Epoch [751/1000] Training Loss: 0.0005
Epoch [751/1000] Validation Accuracy: 35.70
Epoch [752/1000] Training Loss: 0.0002
Epoch [752/1000] Validation Accuracy: 37.18
Epoch [753/1000] Training Loss: 0.0021
Epoch [753/1000] Validation Accuracy: 37.71
Epoch [754/1000] Training Loss: 0.0437
Epoch [754/1000] Validation Accuracy: 36.86
Epoch [755/1000] Training Loss: 0.0004
Epoch [755/1000] Validation Accuracy: 36.28
Epoch [756/1000] Training Loss: 0.0043
Epoch [756/1000] Validation Accuracy: 28.44
Epoch [757/1000] Training Loss: 0.0006
Epoch [757/1000] Validation Accuracy: 34.11
Epoch [758/1000] Training Loss: 0.0111
Epoch [758/1000] Validation Accuracy: 35.86
Epoch [759/1000] Training Loss: 0.0006
Epoch [759/1000] Validation Accuracy: 37.76
Epoch [760/1000] Training Loss: 0.0005
Epoch [760/1000] Validation Accuracy: 36.86
Epoch [761/1000] Training Loss: 0.0005
Epoch [761/1000] Validation Accuracy: 33.58
Epoch [762/1000] Training Loss: 0.0005
Epoch [762/1000] Validation Accuracy: 37.98
Epoch [763/1000] Training Loss: 0.0004
Epoch [763/1000] Validation Accuracy: 35.70
Epoch [764/1000] Training Loss: 0.0004
Epoch [764/1000] Validation Accuracy: 33.79
Epoch [765/1000] Training Loss: 0.0152
Epoch [765/1000] Validation Accuracy: 36.44
Epoch [766/1000] Training Loss: 0.0005
Epoch [766/1000] Validation Accuracy: 37.39
Epoch [767/1000] Training Loss: 0.0007
Epoch [767/1000] Validation Accuracy: 35.81
Epoch [768/1000] Training Loss: 0.0016
Epoch [768/1000] Validation Accuracy: 36.71
Epoch [769/1000] Training Loss: 0.0005
Epoch [769/1000] Validation Accuracy: 34.64
Epoch [770/1000] Training Loss: 0.0004
Epoch [770/1000] Validation Accuracy: 37.92
Epoch [771/1000] Training Loss: 0.0107
Epoch [771/1000] Validation Accuracy: 37.34
Epoch [772/1000] Training Loss: 0.0006
Epoch [772/1000] Validation Accuracy: 36.76
Epoch [773/1000] Training Loss: 0.0013
Epoch [773/1000] Validation Accuracy: 33.47
Epoch [774/1000] Training Loss: 0.0134
Epoch [774/1000] Validation Accuracy: 35.38
Epoch [775/1000] Training Loss: 0.0002
Epoch [775/1000] Validation Accuracy: 34.96
Epoch [776/1000] Training Loss: 0.0004
Epoch [776/1000] Validation Accuracy: 33.37
Epoch [777/1000] Training Loss: 0.0003
Epoch [777/1000] Validation Accuracy: 36.97
Epoch [778/1000] Training Loss: 0.0005
Epoch [778/1000] Validation Accuracy: 35.75
Epoch [779/1000] Training Loss: 0.0002
Epoch [779/1000] Validation Accuracy: 36.92
Epoch [780/1000] Training Loss: 0.0003
Epoch [780/1000] Validation Accuracy: 35.22
Epoch [781/1000] Training Loss: 0.0002
Epoch [781/1000] Validation Accuracy: 36.02
Epoch [782/1000] Training Loss: 0.0002
Epoch [782/1000] Validation Accuracy: 33.90
Epoch [783/1000] Training Loss: 0.0001
Epoch [783/1000] Validation Accuracy: 35.54
Epoch [784/1000] Training Loss: 0.0002
Epoch [784/1000] Validation Accuracy: 35.81
Epoch [785/1000] Training Loss: 0.0014
Epoch [785/1000] Validation Accuracy: 33.69
Epoch [786/1000] Training Loss: 0.0003
Epoch [786/1000] Validation Accuracy: 34.53
Epoch [787/1000] Training Loss: 0.0002
Epoch [787/1000] Validation Accuracy: 36.39
Epoch [788/1000] Training Loss: 0.0006
Epoch [788/1000] Validation Accuracy: 37.29
Epoch [789/1000] Training Loss: 0.0163
Epoch [789/1000] Validation Accuracy: 30.30
Epoch [790/1000] Training Loss: 0.0003
Epoch [790/1000] Validation Accuracy: 34.11
Epoch [791/1000] Training Loss: 0.0006
Epoch [791/1000] Validation Accuracy: 36.55
Epoch [792/1000] Training Loss: 0.0002
Epoch [792/1000] Validation Accuracy: 36.76
Epoch [793/1000] Training Loss: 0.0009
Epoch [793/1000] Validation Accuracy: 37.39
Epoch [794/1000] Training Loss: 0.0003
Epoch [794/1000] Validation Accuracy: 33.85
Epoch [795/1000] Training Loss: 0.0002
Epoch [795/1000] Validation Accuracy: 36.23
Epoch [796/1000] Training Loss: 0.0004
Epoch [796/1000] Validation Accuracy: 35.59
Epoch [797/1000] Training Loss: 0.0005
Epoch [797/1000] Validation Accuracy: 37.55
Epoch [798/1000] Training Loss: 0.0004
Epoch [798/1000] Validation Accuracy: 35.86
Epoch [799/1000] Training Loss: 0.0010
Epoch [799/1000] Validation Accuracy: 34.85
Epoch [800/1000] Training Loss: 0.0014
Epoch [800/1000] Validation Accuracy: 36.92
Epoch [801/1000] Training Loss: 0.0007
Epoch [801/1000] Validation Accuracy: 36.02
Epoch [802/1000] Training Loss: 0.0176
Epoch [802/1000] Validation Accuracy: 34.16
Epoch [803/1000] Training Loss: 0.0013
Epoch [803/1000] Validation Accuracy: 32.15
Epoch [804/1000] Training Loss: 0.0004
Epoch [804/1000] Validation Accuracy: 36.55
Epoch [805/1000] Training Loss: 0.0004
Epoch [805/1000] Validation Accuracy: 36.97
Epoch [806/1000] Training Loss: 0.0002
Epoch [806/1000] Validation Accuracy: 38.19
Epoch [807/1000] Training Loss: 0.0004
Epoch [807/1000] Validation Accuracy: 36.12
Epoch [808/1000] Training Loss: 0.0001
Epoch [808/1000] Validation Accuracy: 37.66
Epoch [809/1000] Training Loss: 0.1034
Epoch [809/1000] Validation Accuracy: 34.80
Epoch [810/1000] Training Loss: 0.0002
Epoch [810/1000] Validation Accuracy: 36.49
Epoch [811/1000] Training Loss: 0.0004
Epoch [811/1000] Validation Accuracy: 37.34
Epoch [812/1000] Training Loss: 0.0003
Epoch [812/1000] Validation Accuracy: 36.81
Epoch [813/1000] Training Loss: 0.0002
Epoch [813/1000] Validation Accuracy: 37.18
Epoch [814/1000] Training Loss: 0.0008
Epoch [814/1000] Validation Accuracy: 37.55
Epoch [815/1000] Training Loss: 0.0002
Epoch [815/1000] Validation Accuracy: 38.03
Epoch [816/1000] Training Loss: 0.0023
Epoch [816/1000] Validation Accuracy: 30.72
Epoch [817/1000] Training Loss: 0.0002
Epoch [817/1000] Validation Accuracy: 32.73
Epoch [818/1000] Training Loss: 0.0019
Epoch [818/1000] Validation Accuracy: 36.81
Epoch [819/1000] Training Loss: 0.0018
Epoch [819/1000] Validation Accuracy: 35.59
Epoch [820/1000] Training Loss: 0.0005
Epoch [820/1000] Validation Accuracy: 34.96
Epoch [821/1000] Training Loss: 0.0002
Epoch [821/1000] Validation Accuracy: 35.65
Epoch [822/1000] Training Loss: 0.0183
Epoch [822/1000] Validation Accuracy: 34.16
Epoch [823/1000] Training Loss: 0.0010
Epoch [823/1000] Validation Accuracy: 36.65
Epoch [824/1000] Training Loss: 0.0070
Epoch [824/1000] Validation Accuracy: 36.28
Epoch [825/1000] Training Loss: 0.0128
Epoch [825/1000] Validation Accuracy: 36.07
Epoch [826/1000] Training Loss: 0.0003
Epoch [826/1000] Validation Accuracy: 36.65
Epoch [827/1000] Training Loss: 0.1267
Epoch [827/1000] Validation Accuracy: 37.08
Epoch [828/1000] Training Loss: 0.0004
Epoch [828/1000] Validation Accuracy: 36.60
Epoch [829/1000] Training Loss: 0.0003
Epoch [829/1000] Validation Accuracy: 35.01
Epoch [830/1000] Training Loss: 0.0013
Epoch [830/1000] Validation Accuracy: 34.00
Epoch [831/1000] Training Loss: 0.0002
Epoch [831/1000] Validation Accuracy: 37.87
Epoch [832/1000] Training Loss: 0.1193
Epoch [832/1000] Validation Accuracy: 34.53
Epoch [833/1000] Training Loss: 0.0107
Epoch [833/1000] Validation Accuracy: 37.24
Epoch [834/1000] Training Loss: 0.0013
Epoch [834/1000] Validation Accuracy: 36.60
Epoch [835/1000] Training Loss: 0.0003
Epoch [835/1000] Validation Accuracy: 36.44
Epoch [836/1000] Training Loss: 0.0172
Epoch [836/1000] Validation Accuracy: 37.13
Epoch [837/1000] Training Loss: 0.0002
Epoch [837/1000] Validation Accuracy: 34.59
Epoch [838/1000] Training Loss: 0.0003
Epoch [838/1000] Validation Accuracy: 35.38
Epoch [839/1000] Training Loss: 0.0004
Epoch [839/1000] Validation Accuracy: 37.24
Epoch [840/1000] Training Loss: 0.0015
Epoch [840/1000] Validation Accuracy: 35.12
Epoch [841/1000] Training Loss: 0.0020
Epoch [841/1000] Validation Accuracy: 29.03
Epoch [842/1000] Training Loss: 0.0004
Epoch [842/1000] Validation Accuracy: 36.39
Epoch [843/1000] Training Loss: 0.0001
Epoch [843/1000] Validation Accuracy: 38.19
Epoch [844/1000] Training Loss: 0.0005
Epoch [844/1000] Validation Accuracy: 37.29
Epoch [845/1000] Training Loss: 0.0009
Epoch [845/1000] Validation Accuracy: 37.02
Epoch [846/1000] Training Loss: 0.0011
Epoch [846/1000] Validation Accuracy: 36.92
Epoch [847/1000] Training Loss: 0.0257
Epoch [847/1000] Validation Accuracy: 36.39
Epoch [848/1000] Training Loss: 0.0003
Epoch [848/1000] Validation Accuracy: 37.08
Epoch [849/1000] Training Loss: 0.0001
Epoch [849/1000] Validation Accuracy: 37.24
Epoch [850/1000] Training Loss: 0.0002
Epoch [850/1000] Validation Accuracy: 37.92
Epoch [851/1000] Training Loss: 0.0004
Epoch [851/1000] Validation Accuracy: 37.13
Epoch [852/1000] Training Loss: 0.0001
Epoch [852/1000] Validation Accuracy: 36.92
Epoch [853/1000] Training Loss: 0.0144
Epoch [853/1000] Validation Accuracy: 37.39
Epoch [854/1000] Training Loss: 0.0002
Epoch [854/1000] Validation Accuracy: 35.70
Epoch [855/1000] Training Loss: 0.0005
Epoch [855/1000] Validation Accuracy: 37.61
Epoch [856/1000] Training Loss: 0.0002
Epoch [856/1000] Validation Accuracy: 34.69
Epoch [857/1000] Training Loss: 0.0128
Epoch [857/1000] Validation Accuracy: 36.49
Epoch [858/1000] Training Loss: 0.0006
Epoch [858/1000] Validation Accuracy: 36.18
Epoch [859/1000] Training Loss: 0.0003
Epoch [859/1000] Validation Accuracy: 35.22
Epoch [860/1000] Training Loss: 0.0018
Epoch [860/1000] Validation Accuracy: 32.15
Epoch [861/1000] Training Loss: 0.0002
Epoch [861/1000] Validation Accuracy: 36.39
Epoch [862/1000] Training Loss: 0.0002
Epoch [862/1000] Validation Accuracy: 37.29
Epoch [863/1000] Training Loss: 0.0005
Epoch [863/1000] Validation Accuracy: 37.45
Epoch [864/1000] Training Loss: 0.0002
Epoch [864/1000] Validation Accuracy: 34.96
Epoch [865/1000] Training Loss: 0.0001
Epoch [865/1000] Validation Accuracy: 37.29
Epoch [866/1000] Training Loss: 0.0006
Epoch [866/1000] Validation Accuracy: 33.26
Epoch [867/1000] Training Loss: 0.0002
Epoch [867/1000] Validation Accuracy: 36.81
Epoch [868/1000] Training Loss: 0.0020
Epoch [868/1000] Validation Accuracy: 34.11
Epoch [869/1000] Training Loss: 0.0002
Epoch [869/1000] Validation Accuracy: 36.71
Epoch [870/1000] Training Loss: 0.0003
Epoch [870/1000] Validation Accuracy: 36.81
Epoch [871/1000] Training Loss: 0.0001
Epoch [871/1000] Validation Accuracy: 35.59
Epoch [872/1000] Training Loss: 0.0002
Epoch [872/1000] Validation Accuracy: 34.32
Epoch [873/1000] Training Loss: 0.0001
Epoch [873/1000] Validation Accuracy: 36.65
Epoch [874/1000] Training Loss: 0.0019
Epoch [874/1000] Validation Accuracy: 37.24
Epoch [875/1000] Training Loss: 0.0136
Epoch [875/1000] Validation Accuracy: 35.43
Epoch [876/1000] Training Loss: 0.0000
Epoch [876/1000] Validation Accuracy: 36.65
Epoch [877/1000] Training Loss: 0.0001
Epoch [877/1000] Validation Accuracy: 34.80
Epoch [878/1000] Training Loss: 0.0001
Epoch [878/1000] Validation Accuracy: 37.02
Epoch [879/1000] Training Loss: 0.0001
Epoch [879/1000] Validation Accuracy: 37.55
Epoch [880/1000] Training Loss: 0.0003
Epoch [880/1000] Validation Accuracy: 35.06
Epoch [881/1000] Training Loss: 0.0004
Epoch [881/1000] Validation Accuracy: 37.39
Epoch [882/1000] Training Loss: 0.1277
Epoch [882/1000] Validation Accuracy: 33.69
Epoch [883/1000] Training Loss: 0.0006
Epoch [883/1000] Validation Accuracy: 36.76
Epoch [884/1000] Training Loss: 0.0027
Epoch [884/1000] Validation Accuracy: 33.47
Epoch [885/1000] Training Loss: 0.0144
Epoch [885/1000] Validation Accuracy: 33.85
Epoch [886/1000] Training Loss: 0.0005
Epoch [886/1000] Validation Accuracy: 36.92
Epoch [887/1000] Training Loss: 0.0011
Epoch [887/1000] Validation Accuracy: 35.75
Epoch [888/1000] Training Loss: 0.0003
Epoch [888/1000] Validation Accuracy: 36.44
Epoch [889/1000] Training Loss: 0.0004
Epoch [889/1000] Validation Accuracy: 37.24
Epoch [890/1000] Training Loss: 0.0040
Epoch [890/1000] Validation Accuracy: 37.29
Epoch [891/1000] Training Loss: 0.0005
Epoch [891/1000] Validation Accuracy: 37.34
Epoch [892/1000] Training Loss: 0.0002
Epoch [892/1000] Validation Accuracy: 37.13
Epoch [893/1000] Training Loss: 0.0003
Epoch [893/1000] Validation Accuracy: 37.29
Epoch [894/1000] Training Loss: 0.0003
Epoch [894/1000] Validation Accuracy: 35.65
Epoch [895/1000] Training Loss: 0.0002
Epoch [895/1000] Validation Accuracy: 36.44
Epoch [896/1000] Training Loss: 0.0003
Epoch [896/1000] Validation Accuracy: 35.96
Epoch [897/1000] Training Loss: 0.0002
Epoch [897/1000] Validation Accuracy: 36.71
Epoch [898/1000] Training Loss: 0.0126
Epoch [898/1000] Validation Accuracy: 35.75
Epoch [899/1000] Training Loss: 0.0004
Epoch [899/1000] Validation Accuracy: 36.65
Epoch [900/1000] Training Loss: 0.0002
Epoch [900/1000] Validation Accuracy: 35.65
Epoch [901/1000] Training Loss: 0.0383
Epoch [901/1000] Validation Accuracy: 36.76
Epoch [902/1000] Training Loss: 0.0002
Epoch [902/1000] Validation Accuracy: 37.29
Epoch [903/1000] Training Loss: 0.0001
Epoch [903/1000] Validation Accuracy: 36.76
Epoch [904/1000] Training Loss: 0.0003
Epoch [904/1000] Validation Accuracy: 33.69
Epoch [905/1000] Training Loss: 0.0002
Epoch [905/1000] Validation Accuracy: 33.79
Epoch [906/1000] Training Loss: 0.0003
Epoch [906/1000] Validation Accuracy: 36.81
Epoch [907/1000] Training Loss: 0.1114
Epoch [907/1000] Validation Accuracy: 36.49
Epoch [908/1000] Training Loss: 0.0003
Epoch [908/1000] Validation Accuracy: 34.06
Epoch [909/1000] Training Loss: 0.0027
Epoch [909/1000] Validation Accuracy: 36.81
Epoch [910/1000] Training Loss: 0.0001
Epoch [910/1000] Validation Accuracy: 36.86
Epoch [911/1000] Training Loss: 0.0002
Epoch [911/1000] Validation Accuracy: 34.69
Epoch [912/1000] Training Loss: 0.0001
Epoch [912/1000] Validation Accuracy: 35.43
Epoch [913/1000] Training Loss: 0.0025
Epoch [913/1000] Validation Accuracy: 34.59
Epoch [914/1000] Training Loss: 0.0002
Epoch [914/1000] Validation Accuracy: 37.18
Epoch [915/1000] Training Loss: 0.0007
Epoch [915/1000] Validation Accuracy: 36.97
Epoch [916/1000] Training Loss: 0.0003
Epoch [916/1000] Validation Accuracy: 36.71
Epoch [917/1000] Training Loss: 0.0001
Epoch [917/1000] Validation Accuracy: 37.24
Epoch [918/1000] Training Loss: 0.0004
Epoch [918/1000] Validation Accuracy: 37.13
Epoch [919/1000] Training Loss: 0.1225
Epoch [919/1000] Validation Accuracy: 35.33
Epoch [920/1000] Training Loss: 0.0004
Epoch [920/1000] Validation Accuracy: 36.76
Epoch [921/1000] Training Loss: 0.0001
Epoch [921/1000] Validation Accuracy: 36.97
Epoch [922/1000] Training Loss: 0.0015
Epoch [922/1000] Validation Accuracy: 35.54
Epoch [923/1000] Training Loss: 0.0002
Epoch [923/1000] Validation Accuracy: 36.76
Epoch [924/1000] Training Loss: 0.0002
Epoch [924/1000] Validation Accuracy: 37.08
Epoch [925/1000] Training Loss: 0.0009
Epoch [925/1000] Validation Accuracy: 35.65
Epoch [926/1000] Training Loss: 0.0001
Epoch [926/1000] Validation Accuracy: 36.97
Epoch [927/1000] Training Loss: 0.0001
Epoch [927/1000] Validation Accuracy: 37.76
Epoch [928/1000] Training Loss: 0.0004
Epoch [928/1000] Validation Accuracy: 37.13
Epoch [929/1000] Training Loss: 0.0002
Epoch [929/1000] Validation Accuracy: 37.13
Epoch [930/1000] Training Loss: 0.0140
Epoch [930/1000] Validation Accuracy: 36.18
Epoch [931/1000] Training Loss: 0.0023
Epoch [931/1000] Validation Accuracy: 33.85
Epoch [932/1000] Training Loss: 0.0001
Epoch [932/1000] Validation Accuracy: 37.50
Epoch [933/1000] Training Loss: 0.0002
Epoch [933/1000] Validation Accuracy: 37.50
Epoch [934/1000] Training Loss: 0.0124
Epoch [934/1000] Validation Accuracy: 35.70
Epoch [935/1000] Training Loss: 0.0002
Epoch [935/1000] Validation Accuracy: 37.29
Epoch [936/1000] Training Loss: 0.0026
Epoch [936/1000] Validation Accuracy: 36.23
Epoch [937/1000] Training Loss: 0.0003
Epoch [937/1000] Validation Accuracy: 37.02
Epoch [938/1000] Training Loss: 0.0003
Epoch [938/1000] Validation Accuracy: 37.08
Epoch [939/1000] Training Loss: 0.0002
Epoch [939/1000] Validation Accuracy: 35.86
Epoch [940/1000] Training Loss: 0.0003
Epoch [940/1000] Validation Accuracy: 37.50
Epoch [941/1000] Training Loss: 0.0005
Epoch [941/1000] Validation Accuracy: 34.16
Epoch [942/1000] Training Loss: 0.0009
Epoch [942/1000] Validation Accuracy: 30.72
Epoch [943/1000] Training Loss: 0.0003
Epoch [943/1000] Validation Accuracy: 35.38
Epoch [944/1000] Training Loss: 0.0002
Epoch [944/1000] Validation Accuracy: 36.65
Epoch [945/1000] Training Loss: 0.0002
Epoch [945/1000] Validation Accuracy: 33.95
Epoch [946/1000] Training Loss: 0.0003
Epoch [946/1000] Validation Accuracy: 36.55
Epoch [947/1000] Training Loss: 0.0003
Epoch [947/1000] Validation Accuracy: 37.02
Epoch [948/1000] Training Loss: 0.0012
Epoch [948/1000] Validation Accuracy: 36.97
Epoch [949/1000] Training Loss: 0.0003
Epoch [949/1000] Validation Accuracy: 33.53
Epoch [950/1000] Training Loss: 0.0002
Epoch [950/1000] Validation Accuracy: 36.76
Epoch [951/1000] Training Loss: 0.0003
Epoch [951/1000] Validation Accuracy: 37.39
Epoch [952/1000] Training Loss: 0.0060
Epoch [952/1000] Validation Accuracy: 36.55
Epoch [953/1000] Training Loss: 0.0002
Epoch [953/1000] Validation Accuracy: 36.18
Epoch [954/1000] Training Loss: 0.0200
Epoch [954/1000] Validation Accuracy: 36.92
Epoch [955/1000] Training Loss: 0.0006
Epoch [955/1000] Validation Accuracy: 34.80
Epoch [956/1000] Training Loss: 0.0002
Epoch [956/1000] Validation Accuracy: 36.97
Epoch [957/1000] Training Loss: 0.0005
Epoch [957/1000] Validation Accuracy: 34.69
Epoch [958/1000] Training Loss: 0.0003
Epoch [958/1000] Validation Accuracy: 36.55
Epoch [959/1000] Training Loss: 0.0004
Epoch [959/1000] Validation Accuracy: 36.65
Epoch [960/1000] Training Loss: 0.0005
Epoch [960/1000] Validation Accuracy: 36.55
Epoch [961/1000] Training Loss: 0.0112
Epoch [961/1000] Validation Accuracy: 36.65
Epoch [962/1000] Training Loss: 0.0009
Epoch [962/1000] Validation Accuracy: 31.78
Epoch [963/1000] Training Loss: 0.0001
Epoch [963/1000] Validation Accuracy: 36.18
Epoch [964/1000] Training Loss: 0.0006
Epoch [964/1000] Validation Accuracy: 37.24
Epoch [965/1000] Training Loss: 0.0131
Epoch [965/1000] Validation Accuracy: 34.27
Epoch [966/1000] Training Loss: 0.0003
Epoch [966/1000] Validation Accuracy: 36.39
Epoch [967/1000] Training Loss: 0.0142
Epoch [967/1000] Validation Accuracy: 35.81
Epoch [968/1000] Training Loss: 0.0006
Epoch [968/1000] Validation Accuracy: 36.92
Epoch [969/1000] Training Loss: 0.0001
Epoch [969/1000] Validation Accuracy: 36.18
Epoch [970/1000] Training Loss: 0.0002
Epoch [970/1000] Validation Accuracy: 34.06
Epoch [971/1000] Training Loss: 0.0003
Epoch [971/1000] Validation Accuracy: 35.75
Epoch [972/1000] Training Loss: 0.0004
Epoch [972/1000] Validation Accuracy: 35.06
Epoch [973/1000] Training Loss: 0.0016
Epoch [973/1000] Validation Accuracy: 34.80
Epoch [974/1000] Training Loss: 0.0001
Epoch [974/1000] Validation Accuracy: 36.86
Epoch [975/1000] Training Loss: 0.0005
Epoch [975/1000] Validation Accuracy: 32.73
Epoch [976/1000] Training Loss: 0.0003
Epoch [976/1000] Validation Accuracy: 36.12
Epoch [977/1000] Training Loss: 0.0023
Epoch [977/1000] Validation Accuracy: 33.69
Epoch [978/1000] Training Loss: 0.0001
Epoch [978/1000] Validation Accuracy: 35.75
Epoch [979/1000] Training Loss: 0.0001
Epoch [979/1000] Validation Accuracy: 35.70
Epoch [980/1000] Training Loss: 0.0001
Epoch [980/1000] Validation Accuracy: 37.39
Epoch [981/1000] Training Loss: 0.0001
Epoch [981/1000] Validation Accuracy: 37.24
Epoch [982/1000] Training Loss: 0.0004
Epoch [982/1000] Validation Accuracy: 34.11
Epoch [983/1000] Training Loss: 0.1251
Epoch [983/1000] Validation Accuracy: 34.96
Epoch [984/1000] Training Loss: 0.0002
Epoch [984/1000] Validation Accuracy: 34.90
Epoch [985/1000] Training Loss: 0.0001
Epoch [985/1000] Validation Accuracy: 33.10
Epoch [986/1000] Training Loss: 0.0543
Epoch [986/1000] Validation Accuracy: 34.27
Epoch [987/1000] Training Loss: 0.0005
Epoch [987/1000] Validation Accuracy: 36.71
Epoch [988/1000] Training Loss: 0.0003
Epoch [988/1000] Validation Accuracy: 36.33
Epoch [989/1000] Training Loss: 0.0001
Epoch [989/1000] Validation Accuracy: 36.44
Epoch [990/1000] Training Loss: 0.0015
Epoch [990/1000] Validation Accuracy: 37.61
Epoch [991/1000] Training Loss: 0.0004
Epoch [991/1000] Validation Accuracy: 37.18
Epoch [992/1000] Training Loss: 0.0001
Epoch [992/1000] Validation Accuracy: 37.82
Epoch [993/1000] Training Loss: 0.0118
Epoch [993/1000] Validation Accuracy: 36.49
Epoch [994/1000] Training Loss: 0.0003
Epoch [994/1000] Validation Accuracy: 36.65
Epoch [995/1000] Training Loss: 0.0001
Epoch [995/1000] Validation Accuracy: 38.19
Epoch [996/1000] Training Loss: 0.0001
Epoch [996/1000] Validation Accuracy: 37.92
Epoch [997/1000] Training Loss: 0.0002
Epoch [997/1000] Validation Accuracy: 38.24
Epoch [998/1000] Training Loss: 0.0003
Epoch [998/1000] Validation Accuracy: 36.97
Epoch [999/1000] Training Loss: 0.0123
Epoch [999/1000] Validation Accuracy: 35.38

Best Validation Accuracy of 40.20% at Epoch 60 of 1000
