------Hyperparameters------
Number of Epochs | 300
Batch Size       | 64
LR:              | 0.00001
Validation Ratio | 0.250

---------------------------
Training on 5664 examples
Testing on 1888 examples
---------------------------

CNN (
  (layer1): Sequential (
    (0): Conv2d(1, 16, kernel_size=(3, 3), stride=(1, 1), padding=(1, 1))
    (1): BatchNorm2d(16, eps=1e-05, momentum=0.1, affine=True)
    (2): ReLU ()
    (3): MaxPool2d (size=(2, 2), stride=(2, 2), dilation=(1, 1))
  )
  (layer2): Sequential (
    (0): Conv2d(16, 32, kernel_size=(3, 3), stride=(1, 1), padding=(1, 1))
    (1): BatchNorm2d(32, eps=1e-05, momentum=0.1, affine=True)
    (2): ReLU ()
    (3): MaxPool2d (size=(2, 2), stride=(2, 2), dilation=(1, 1))
  )
  (layer3): Sequential (
    (0): Conv2d(32, 64, kernel_size=(3, 3), stride=(1, 1), padding=(1, 1))
    (1): BatchNorm2d(64, eps=1e-05, momentum=0.1, affine=True)
    (2): ReLU ()
    (3): MaxPool2d (size=(2, 2), stride=(2, 2), dilation=(1, 1))
  )
  (layer4): Sequential (
    (0): Conv2d(64, 128, kernel_size=(3, 3), stride=(1, 1), padding=(1, 1))
    (1): BatchNorm2d(128, eps=1e-05, momentum=0.1, affine=True)
    (2): ReLU ()
    (3): MaxPool2d (size=(2, 2), stride=(2, 2), dilation=(1, 1))
  )
  (layer5): Sequential (
    (0): Conv2d(128, 256, kernel_size=(3, 3), stride=(1, 1), padding=(1, 1))
    (1): BatchNorm2d(256, eps=1e-05, momentum=0.1, affine=True)
    (2): ReLU ()
    (3): MaxPool2d (size=(2, 2), stride=(2, 2), dilation=(1, 1))
  )
  (fc): Linear (65536 -> 8)
)



Epoch [0/300] Training Loss: 1.9032
Epoch [0/300] Validation Accuracy: 24.52
Epoch [1/300] Training Loss: 1.9517
Epoch [1/300] Validation Accuracy: 27.97
Epoch [2/300] Training Loss: 1.8498
Epoch [2/300] Validation Accuracy: 28.76
Epoch [3/300] Training Loss: 1.7235
Epoch [3/300] Validation Accuracy: 28.76
Epoch [4/300] Training Loss: 1.8727
Epoch [4/300] Validation Accuracy: 30.67
Epoch [5/300] Training Loss: 1.7791
Epoch [5/300] Validation Accuracy: 32.26
Epoch [6/300] Training Loss: 1.5904
Epoch [6/300] Validation Accuracy: 31.89
Epoch [7/300] Training Loss: 1.6931
Epoch [7/300] Validation Accuracy: 31.78
Epoch [8/300] Training Loss: 1.5878
Epoch [8/300] Validation Accuracy: 33.16
Epoch [9/300] Training Loss: 1.6966
Epoch [9/300] Validation Accuracy: 34.69
Epoch [10/300] Training Loss: 1.4338
Epoch [10/300] Validation Accuracy: 34.11
Epoch [11/300] Training Loss: 1.5003
Epoch [11/300] Validation Accuracy: 35.49
Epoch [12/300] Training Loss: 1.2738
Epoch [12/300] Validation Accuracy: 35.81
Epoch [13/300] Training Loss: 1.7704
Epoch [13/300] Validation Accuracy: 37.08
Epoch [14/300] Training Loss: 1.4967
Epoch [14/300] Validation Accuracy: 37.55
Epoch [15/300] Training Loss: 1.7136
Epoch [15/300] Validation Accuracy: 37.82
Epoch [16/300] Training Loss: 1.4278
Epoch [16/300] Validation Accuracy: 36.65
Epoch [17/300] Training Loss: 1.4218
Epoch [17/300] Validation Accuracy: 39.25
Epoch [18/300] Training Loss: 1.4774
Epoch [18/300] Validation Accuracy: 38.82
Epoch [19/300] Training Loss: 1.3877
Epoch [19/300] Validation Accuracy: 39.62
Epoch [20/300] Training Loss: 1.4469
Epoch [20/300] Validation Accuracy: 38.93
Epoch [21/300] Training Loss: 1.4033
Epoch [21/300] Validation Accuracy: 39.67
Epoch [22/300] Training Loss: 1.4760
Epoch [22/300] Validation Accuracy: 39.94
Epoch [23/300] Training Loss: 1.3869
Epoch [23/300] Validation Accuracy: 40.10
Epoch [24/300] Training Loss: 1.2231
Epoch [24/300] Validation Accuracy: 39.41
Epoch [25/300] Training Loss: 1.0868
Epoch [25/300] Validation Accuracy: 39.14
Epoch [26/300] Training Loss: 1.1832
Epoch [26/300] Validation Accuracy: 40.68
Epoch [27/300] Training Loss: 1.2086
Epoch [27/300] Validation Accuracy: 40.57
Epoch [28/300] Training Loss: 1.1591
Epoch [28/300] Validation Accuracy: 40.10
Epoch [29/300] Training Loss: 1.2183
Epoch [29/300] Validation Accuracy: 40.36
Epoch [30/300] Training Loss: 1.2140
Epoch [30/300] Validation Accuracy: 40.89
Epoch [31/300] Training Loss: 1.1858
Epoch [31/300] Validation Accuracy: 41.15
Epoch [32/300] Training Loss: 1.1419
Epoch [32/300] Validation Accuracy: 41.10
Epoch [33/300] Training Loss: 1.2081
Epoch [33/300] Validation Accuracy: 41.53
Epoch [34/300] Training Loss: 1.2870
Epoch [34/300] Validation Accuracy: 41.47
Epoch [35/300] Training Loss: 1.0139
Epoch [35/300] Validation Accuracy: 41.15
Epoch [36/300] Training Loss: 1.1321
Epoch [36/300] Validation Accuracy: 40.84
Epoch [37/300] Training Loss: 1.1553
Epoch [37/300] Validation Accuracy: 41.31
Epoch [38/300] Training Loss: 1.0035
Epoch [38/300] Validation Accuracy: 41.42
Epoch [39/300] Training Loss: 0.9839
Epoch [39/300] Validation Accuracy: 42.43
Epoch [40/300] Training Loss: 1.1558
Epoch [40/300] Validation Accuracy: 41.05
Epoch [41/300] Training Loss: 1.1412
Epoch [41/300] Validation Accuracy: 43.06
Epoch [42/300] Training Loss: 1.0500
Epoch [42/300] Validation Accuracy: 41.84
Epoch [43/300] Training Loss: 1.2177
Epoch [43/300] Validation Accuracy: 41.05
Epoch [44/300] Training Loss: 1.1043
Epoch [44/300] Validation Accuracy: 40.89
Epoch [45/300] Training Loss: 1.1041
Epoch [45/300] Validation Accuracy: 41.90
Epoch [46/300] Training Loss: 0.8594
Epoch [46/300] Validation Accuracy: 41.00
Epoch [47/300] Training Loss: 1.0778
Epoch [47/300] Validation Accuracy: 42.32
Epoch [48/300] Training Loss: 1.0986
Epoch [48/300] Validation Accuracy: 42.43
Epoch [49/300] Training Loss: 1.1996
Epoch [49/300] Validation Accuracy: 42.11
Epoch [50/300] Training Loss: 0.9309
Epoch [50/300] Validation Accuracy: 42.37
Epoch [51/300] Training Loss: 1.0663
Epoch [51/300] Validation Accuracy: 42.90
Epoch [52/300] Training Loss: 0.8900
Epoch [52/300] Validation Accuracy: 42.85
Epoch [53/300] Training Loss: 0.7791
Epoch [53/300] Validation Accuracy: 43.33
Epoch [54/300] Training Loss: 0.9260
Epoch [54/300] Validation Accuracy: 42.21
Epoch [55/300] Training Loss: 1.0366
Epoch [55/300] Validation Accuracy: 42.48
Epoch [56/300] Training Loss: 0.9271
Epoch [56/300] Validation Accuracy: 42.11
Epoch [57/300] Training Loss: 0.9313
Epoch [57/300] Validation Accuracy: 42.37
Epoch [58/300] Training Loss: 0.8902
Epoch [58/300] Validation Accuracy: 43.54
Epoch [59/300] Training Loss: 0.7643
Epoch [59/300] Validation Accuracy: 41.79
Epoch [60/300] Training Loss: 0.9653
Epoch [60/300] Validation Accuracy: 43.11
Epoch [61/300] Training Loss: 0.9310
Epoch [61/300] Validation Accuracy: 42.90
Epoch [62/300] Training Loss: 0.8558
Epoch [62/300] Validation Accuracy: 42.69
Epoch [63/300] Training Loss: 1.0129
Epoch [63/300] Validation Accuracy: 43.64
Epoch [64/300] Training Loss: 0.9416
Epoch [64/300] Validation Accuracy: 44.12
Epoch [65/300] Training Loss: 1.1000
Epoch [65/300] Validation Accuracy: 43.11
Epoch [66/300] Training Loss: 0.7370
Epoch [66/300] Validation Accuracy: 43.43
Epoch [67/300] Training Loss: 0.8345
Epoch [67/300] Validation Accuracy: 43.01
Epoch [68/300] Training Loss: 0.6828
Epoch [68/300] Validation Accuracy: 42.85
Epoch [69/300] Training Loss: 0.6318
Epoch [69/300] Validation Accuracy: 43.33
Epoch [70/300] Training Loss: 0.8001
Epoch [70/300] Validation Accuracy: 44.01
Epoch [71/300] Training Loss: 0.7969
Epoch [71/300] Validation Accuracy: 43.59
Epoch [72/300] Training Loss: 1.0448
Epoch [72/300] Validation Accuracy: 43.33
Epoch [73/300] Training Loss: 0.7568
Epoch [73/300] Validation Accuracy: 43.43
Epoch [74/300] Training Loss: 0.7884
Epoch [74/300] Validation Accuracy: 43.22
Epoch [75/300] Training Loss: 0.8820
Epoch [75/300] Validation Accuracy: 43.86
Epoch [76/300] Training Loss: 0.7619
Epoch [76/300] Validation Accuracy: 42.90
Epoch [77/300] Training Loss: 0.8011
Epoch [77/300] Validation Accuracy: 43.91
Epoch [78/300] Training Loss: 0.9779
Epoch [78/300] Validation Accuracy: 43.54
Epoch [79/300] Training Loss: 0.7695
Epoch [79/300] Validation Accuracy: 44.01
Epoch [80/300] Training Loss: 0.8679
Epoch [80/300] Validation Accuracy: 42.74
Epoch [81/300] Training Loss: 0.6451
Epoch [81/300] Validation Accuracy: 43.86
Epoch [82/300] Training Loss: 0.9445
Epoch [82/300] Validation Accuracy: 43.59
Epoch [83/300] Training Loss: 0.8259
Epoch [83/300] Validation Accuracy: 44.17
Epoch [84/300] Training Loss: 0.9028
Epoch [84/300] Validation Accuracy: 43.17
Epoch [85/300] Training Loss: 0.6975
Epoch [85/300] Validation Accuracy: 43.59
Epoch [86/300] Training Loss: 0.9741
Epoch [86/300] Validation Accuracy: 44.49
Epoch [87/300] Training Loss: 1.0770
Epoch [87/300] Validation Accuracy: 43.54
Epoch [88/300] Training Loss: 0.5898
Epoch [88/300] Validation Accuracy: 44.07
Epoch [89/300] Training Loss: 0.8482
Epoch [89/300] Validation Accuracy: 44.49
Epoch [90/300] Training Loss: 0.5675
Epoch [90/300] Validation Accuracy: 44.44
Epoch [91/300] Training Loss: 0.6792
Epoch [91/300] Validation Accuracy: 44.07
Epoch [92/300] Training Loss: 0.6139
Epoch [92/300] Validation Accuracy: 44.76
Epoch [93/300] Training Loss: 0.4702
Epoch [93/300] Validation Accuracy: 44.49
Epoch [94/300] Training Loss: 0.6024
Epoch [94/300] Validation Accuracy: 43.06
Epoch [95/300] Training Loss: 0.7908
Epoch [95/300] Validation Accuracy: 43.86
Epoch [96/300] Training Loss: 0.7712
Epoch [96/300] Validation Accuracy: 44.12
Epoch [97/300] Training Loss: 0.6284
Epoch [97/300] Validation Accuracy: 43.70
Epoch [98/300] Training Loss: 0.8337
Epoch [98/300] Validation Accuracy: 43.75
Epoch [99/300] Training Loss: 0.6151
Epoch [99/300] Validation Accuracy: 43.75
Epoch [100/300] Training Loss: 0.8974
Epoch [100/300] Validation Accuracy: 44.60
Epoch [101/300] Training Loss: 0.8371
Epoch [101/300] Validation Accuracy: 43.96
Epoch [102/300] Training Loss: 0.7499
Epoch [102/300] Validation Accuracy: 43.70
Epoch [103/300] Training Loss: 0.7255
Epoch [103/300] Validation Accuracy: 44.28
Epoch [104/300] Training Loss: 0.5956
Epoch [104/300] Validation Accuracy: 44.39
Epoch [105/300] Training Loss: 0.6931
Epoch [105/300] Validation Accuracy: 44.01
Epoch [106/300] Training Loss: 0.6555
Epoch [106/300] Validation Accuracy: 42.85
Epoch [107/300] Training Loss: 0.3701
Epoch [107/300] Validation Accuracy: 44.70
Epoch [108/300] Training Loss: 0.7822
Epoch [108/300] Validation Accuracy: 43.75
Epoch [109/300] Training Loss: 0.3687
Epoch [109/300] Validation Accuracy: 44.28
Epoch [110/300] Training Loss: 0.6541
Epoch [110/300] Validation Accuracy: 43.54
Epoch [111/300] Training Loss: 0.4059
Epoch [111/300] Validation Accuracy: 44.23
Epoch [112/300] Training Loss: 0.5038
Epoch [112/300] Validation Accuracy: 43.70
Epoch [113/300] Training Loss: 0.4384
Epoch [113/300] Validation Accuracy: 44.97
Epoch [114/300] Training Loss: 0.4740
Epoch [114/300] Validation Accuracy: 44.28
Epoch [115/300] Training Loss: 0.7721
Epoch [115/300] Validation Accuracy: 44.17
Epoch [116/300] Training Loss: 0.7402
Epoch [116/300] Validation Accuracy: 43.59
Epoch [117/300] Training Loss: 0.5527
Epoch [117/300] Validation Accuracy: 44.60
Epoch [118/300] Training Loss: 0.5001
Epoch [118/300] Validation Accuracy: 44.76
Epoch [119/300] Training Loss: 0.5731
Epoch [119/300] Validation Accuracy: 44.01
Epoch [120/300] Training Loss: 0.3720
Epoch [120/300] Validation Accuracy: 44.33
Epoch [121/300] Training Loss: 0.3730
Epoch [121/300] Validation Accuracy: 44.76
Epoch [122/300] Training Loss: 0.3444
Epoch [122/300] Validation Accuracy: 44.01
Epoch [123/300] Training Loss: 0.5641
Epoch [123/300] Validation Accuracy: 44.44
Epoch [124/300] Training Loss: 0.6281
Epoch [124/300] Validation Accuracy: 44.39
Epoch [125/300] Training Loss: 0.6140
Epoch [125/300] Validation Accuracy: 44.54
Epoch [126/300] Training Loss: 0.4655
Epoch [126/300] Validation Accuracy: 44.23
Epoch [127/300] Training Loss: 0.5658
Epoch [127/300] Validation Accuracy: 44.70
Epoch [128/300] Training Loss: 0.5713
Epoch [128/300] Validation Accuracy: 44.39
Epoch [129/300] Training Loss: 0.2727
Epoch [129/300] Validation Accuracy: 44.44
Epoch [130/300] Training Loss: 0.7100
Epoch [130/300] Validation Accuracy: 44.12
Epoch [131/300] Training Loss: 0.6536
Epoch [131/300] Validation Accuracy: 44.49
Epoch [132/300] Training Loss: 0.3954
Epoch [132/300] Validation Accuracy: 45.18
Epoch [133/300] Training Loss: 0.6015
Epoch [133/300] Validation Accuracy: 44.86
Epoch [134/300] Training Loss: 0.5429
Epoch [134/300] Validation Accuracy: 44.17
Epoch [135/300] Training Loss: 0.3051
Epoch [135/300] Validation Accuracy: 44.70
Epoch [136/300] Training Loss: 0.5494
Epoch [136/300] Validation Accuracy: 44.60
Epoch [137/300] Training Loss: 0.3355
Epoch [137/300] Validation Accuracy: 44.49
Epoch [138/300] Training Loss: 0.4054
Epoch [138/300] Validation Accuracy: 44.92
Epoch [139/300] Training Loss: 0.3055
Epoch [139/300] Validation Accuracy: 44.07
Epoch [140/300] Training Loss: 0.2665
Epoch [140/300] Validation Accuracy: 44.12
Epoch [141/300] Training Loss: 0.2526
Epoch [141/300] Validation Accuracy: 43.38
Epoch [142/300] Training Loss: 0.3441
Epoch [142/300] Validation Accuracy: 44.86
Epoch [143/300] Training Loss: 0.2772
Epoch [143/300] Validation Accuracy: 43.75
Epoch [144/300] Training Loss: 0.3798
Epoch [144/300] Validation Accuracy: 43.49
Epoch [145/300] Training Loss: 0.4420
Epoch [145/300] Validation Accuracy: 44.39
Epoch [146/300] Training Loss: 0.4515
Epoch [146/300] Validation Accuracy: 44.28
Epoch [147/300] Training Loss: 0.3419
Epoch [147/300] Validation Accuracy: 44.44
Epoch [148/300] Training Loss: 0.3375
Epoch [148/300] Validation Accuracy: 44.39
Epoch [149/300] Training Loss: 0.3808
Epoch [149/300] Validation Accuracy: 43.70
Epoch [150/300] Training Loss: 0.4208
Epoch [150/300] Validation Accuracy: 44.44
Epoch [151/300] Training Loss: 0.3052
Epoch [151/300] Validation Accuracy: 43.43
Epoch [152/300] Training Loss: 0.2983
Epoch [152/300] Validation Accuracy: 44.44
Epoch [153/300] Training Loss: 0.3195
Epoch [153/300] Validation Accuracy: 43.22
Epoch [154/300] Training Loss: 0.3903
Epoch [154/300] Validation Accuracy: 43.70
Epoch [155/300] Training Loss: 0.3019
Epoch [155/300] Validation Accuracy: 43.49
Epoch [156/300] Training Loss: 0.4858
Epoch [156/300] Validation Accuracy: 43.86
Epoch [157/300] Training Loss: 0.2968
Epoch [157/300] Validation Accuracy: 43.96
Epoch [158/300] Training Loss: 0.2603
Epoch [158/300] Validation Accuracy: 44.28
Epoch [159/300] Training Loss: 0.2748
Epoch [159/300] Validation Accuracy: 44.33
Epoch [160/300] Training Loss: 0.2079
Epoch [160/300] Validation Accuracy: 42.64
Epoch [161/300] Training Loss: 0.4319
Epoch [161/300] Validation Accuracy: 43.38
Epoch [162/300] Training Loss: 0.4076
Epoch [162/300] Validation Accuracy: 44.23
Epoch [163/300] Training Loss: 0.3733
Epoch [163/300] Validation Accuracy: 43.17
Epoch [164/300] Training Loss: 0.3594
Epoch [164/300] Validation Accuracy: 43.91
Epoch [165/300] Training Loss: 0.2650
Epoch [165/300] Validation Accuracy: 43.70
Epoch [166/300] Training Loss: 0.2406
Epoch [166/300] Validation Accuracy: 43.80
Epoch [167/300] Training Loss: 0.2089
Epoch [167/300] Validation Accuracy: 43.59
Epoch [168/300] Training Loss: 0.3169
Epoch [168/300] Validation Accuracy: 43.01
Epoch [169/300] Training Loss: 0.2382
Epoch [169/300] Validation Accuracy: 42.80
Epoch [170/300] Training Loss: 0.1593
Epoch [170/300] Validation Accuracy: 43.43
Epoch [171/300] Training Loss: 0.1865
Epoch [171/300] Validation Accuracy: 43.17
Epoch [172/300] Training Loss: 0.1687
Epoch [172/300] Validation Accuracy: 43.49
Epoch [173/300] Training Loss: 0.2681
Epoch [173/300] Validation Accuracy: 42.74
Epoch [174/300] Training Loss: 0.3088
Epoch [174/300] Validation Accuracy: 42.96
Epoch [175/300] Training Loss: 0.2346
Epoch [175/300] Validation Accuracy: 43.22
Epoch [176/300] Training Loss: 0.2995
Epoch [176/300] Validation Accuracy: 43.17
Epoch [177/300] Training Loss: 0.3248
Epoch [177/300] Validation Accuracy: 43.27
Epoch [178/300] Training Loss: 0.1755
Epoch [178/300] Validation Accuracy: 41.95
Epoch [179/300] Training Loss: 0.3536
Epoch [179/300] Validation Accuracy: 42.90
Epoch [180/300] Training Loss: 0.4142
Epoch [180/300] Validation Accuracy: 42.48
Epoch [181/300] Training Loss: 0.3090
Epoch [181/300] Validation Accuracy: 42.27
Epoch [182/300] Training Loss: 0.1826
Epoch [182/300] Validation Accuracy: 44.28
Epoch [183/300] Training Loss: 0.1231
Epoch [183/300] Validation Accuracy: 43.38
Epoch [184/300] Training Loss: 0.3284
Epoch [184/300] Validation Accuracy: 42.48
Epoch [185/300] Training Loss: 0.4159
Epoch [185/300] Validation Accuracy: 43.11
Epoch [186/300] Training Loss: 0.2487
Epoch [186/300] Validation Accuracy: 42.85
Epoch [187/300] Training Loss: 0.1980
Epoch [187/300] Validation Accuracy: 42.53
Epoch [188/300] Training Loss: 0.2588
Epoch [188/300] Validation Accuracy: 43.01
Epoch [189/300] Training Loss: 0.2467
Epoch [189/300] Validation Accuracy: 43.75
Epoch [190/300] Training Loss: 0.1574
Epoch [190/300] Validation Accuracy: 43.43
Epoch [191/300] Training Loss: 0.2990
Epoch [191/300] Validation Accuracy: 43.06
Epoch [192/300] Training Loss: 0.1242
Epoch [192/300] Validation Accuracy: 42.43
Epoch [193/300] Training Loss: 0.2669
Epoch [193/300] Validation Accuracy: 43.01
Epoch [194/300] Training Loss: 0.1475
Epoch [194/300] Validation Accuracy: 42.85
Epoch [195/300] Training Loss: 0.1820
Epoch [195/300] Validation Accuracy: 43.11
Epoch [196/300] Training Loss: 0.1517
Epoch [196/300] Validation Accuracy: 43.17
Epoch [197/300] Training Loss: 0.1680
Epoch [197/300] Validation Accuracy: 42.58
Epoch [198/300] Training Loss: 0.1948
Epoch [198/300] Validation Accuracy: 43.43
Epoch [199/300] Training Loss: 0.2538
Epoch [199/300] Validation Accuracy: 42.06
Epoch [200/300] Training Loss: 0.2253
Epoch [200/300] Validation Accuracy: 42.37
Epoch [201/300] Training Loss: 0.0835
Epoch [201/300] Validation Accuracy: 42.43
Epoch [202/300] Training Loss: 0.1874
Epoch [202/300] Validation Accuracy: 42.85
Epoch [203/300] Training Loss: 0.2866
Epoch [203/300] Validation Accuracy: 42.69
Epoch [204/300] Training Loss: 0.1400
Epoch [204/300] Validation Accuracy: 42.48
Epoch [205/300] Training Loss: 0.1355
Epoch [205/300] Validation Accuracy: 42.16
Epoch [206/300] Training Loss: 0.1629
Epoch [206/300] Validation Accuracy: 42.43
Epoch [207/300] Training Loss: 0.1877
Epoch [207/300] Validation Accuracy: 42.32
Epoch [208/300] Training Loss: 0.2045
Epoch [208/300] Validation Accuracy: 42.00
Epoch [209/300] Training Loss: 0.2639
Epoch [209/300] Validation Accuracy: 42.58
Epoch [210/300] Training Loss: 0.2369
Epoch [210/300] Validation Accuracy: 42.58
Epoch [211/300] Training Loss: 0.2141
Epoch [211/300] Validation Accuracy: 42.27
Epoch [212/300] Training Loss: 0.2671
Epoch [212/300] Validation Accuracy: 42.21
Epoch [213/300] Training Loss: 0.1422
Epoch [213/300] Validation Accuracy: 42.21
Epoch [214/300] Training Loss: 0.2208
Epoch [214/300] Validation Accuracy: 43.11
Epoch [215/300] Training Loss: 0.2871
Epoch [215/300] Validation Accuracy: 41.90
Epoch [216/300] Training Loss: 0.2169
Epoch [216/300] Validation Accuracy: 42.37
Epoch [217/300] Training Loss: 0.2104
Epoch [217/300] Validation Accuracy: 42.53
Epoch [218/300] Training Loss: 0.1879
Epoch [218/300] Validation Accuracy: 42.27
Epoch [219/300] Training Loss: 0.1506
Epoch [219/300] Validation Accuracy: 42.00
Epoch [220/300] Training Loss: 0.3084
Epoch [220/300] Validation Accuracy: 41.74
Epoch [221/300] Training Loss: 0.1328
Epoch [221/300] Validation Accuracy: 42.48
Epoch [222/300] Training Loss: 0.2246
Epoch [222/300] Validation Accuracy: 42.00
Epoch [223/300] Training Loss: 0.1682
Epoch [223/300] Validation Accuracy: 42.16
Epoch [224/300] Training Loss: 0.0709
Epoch [224/300] Validation Accuracy: 42.32
Epoch [225/300] Training Loss: 0.1862
Epoch [225/300] Validation Accuracy: 42.06
Epoch [226/300] Training Loss: 0.1299
Epoch [226/300] Validation Accuracy: 41.74
Epoch [227/300] Training Loss: 0.1027
Epoch [227/300] Validation Accuracy: 41.05
Epoch [228/300] Training Loss: 0.1555
Epoch [228/300] Validation Accuracy: 41.84
Epoch [229/300] Training Loss: 0.0828
Epoch [229/300] Validation Accuracy: 41.74
Epoch [230/300] Training Loss: 0.2497
Epoch [230/300] Validation Accuracy: 41.95
Epoch [231/300] Training Loss: 0.1623
Epoch [231/300] Validation Accuracy: 43.38
Epoch [232/300] Training Loss: 0.2726
Epoch [232/300] Validation Accuracy: 42.16
Epoch [233/300] Training Loss: 0.2863
Epoch [233/300] Validation Accuracy: 41.95
Epoch [234/300] Training Loss: 0.1025
Epoch [234/300] Validation Accuracy: 42.27
Epoch [235/300] Training Loss: 0.0433
Epoch [235/300] Validation Accuracy: 42.11
Epoch [236/300] Training Loss: 0.0775
Epoch [236/300] Validation Accuracy: 41.47
Epoch [237/300] Training Loss: 0.0819
Epoch [237/300] Validation Accuracy: 41.79
Epoch [238/300] Training Loss: 0.1165
Epoch [238/300] Validation Accuracy: 42.16
Epoch [239/300] Training Loss: 0.0556
Epoch [239/300] Validation Accuracy: 41.84
Epoch [240/300] Training Loss: 0.1090
Epoch [240/300] Validation Accuracy: 42.21
Epoch [241/300] Training Loss: 0.1144
Epoch [241/300] Validation Accuracy: 42.58
Epoch [242/300] Training Loss: 0.2166
Epoch [242/300] Validation Accuracy: 42.16
Epoch [243/300] Training Loss: 0.2430
Epoch [243/300] Validation Accuracy: 41.53
Epoch [244/300] Training Loss: 0.2047
Epoch [244/300] Validation Accuracy: 42.06
Epoch [245/300] Training Loss: 0.0744
Epoch [245/300] Validation Accuracy: 43.27
Epoch [246/300] Training Loss: 0.0378
Epoch [246/300] Validation Accuracy: 41.95
Epoch [247/300] Training Loss: 0.1509
Epoch [247/300] Validation Accuracy: 41.63
Epoch [248/300] Training Loss: 0.1729
Epoch [248/300] Validation Accuracy: 42.06
Epoch [249/300] Training Loss: 0.1114
Epoch [249/300] Validation Accuracy: 41.31
Epoch [250/300] Training Loss: 0.1049
Epoch [250/300] Validation Accuracy: 41.47
Epoch [251/300] Training Loss: 0.1014
Epoch [251/300] Validation Accuracy: 42.00
Epoch [252/300] Training Loss: 0.0991
Epoch [252/300] Validation Accuracy: 43.01
Epoch [253/300] Training Loss: 0.1904
Epoch [253/300] Validation Accuracy: 41.84
Epoch [254/300] Training Loss: 0.0813
Epoch [254/300] Validation Accuracy: 42.11
Epoch [255/300] Training Loss: 0.1045
Epoch [255/300] Validation Accuracy: 41.47
Epoch [256/300] Training Loss: 0.2910
Epoch [256/300] Validation Accuracy: 42.06
Epoch [257/300] Training Loss: 0.1126
Epoch [257/300] Validation Accuracy: 42.43
Epoch [258/300] Training Loss: 0.1177
Epoch [258/300] Validation Accuracy: 41.26
Epoch [259/300] Training Loss: 0.0359
Epoch [259/300] Validation Accuracy: 41.90
Epoch [260/300] Training Loss: 0.1672
Epoch [260/300] Validation Accuracy: 42.37
Epoch [261/300] Training Loss: 0.0391
Epoch [261/300] Validation Accuracy: 42.48
Epoch [262/300] Training Loss: 0.0819
Epoch [262/300] Validation Accuracy: 42.64
Epoch [263/300] Training Loss: 0.0412
Epoch [263/300] Validation Accuracy: 42.74
Epoch [264/300] Training Loss: 0.0902
Epoch [264/300] Validation Accuracy: 41.95
Epoch [265/300] Training Loss: 0.0568
Epoch [265/300] Validation Accuracy: 41.42
Epoch [266/300] Training Loss: 0.0946
Epoch [266/300] Validation Accuracy: 42.21
Epoch [267/300] Training Loss: 0.0969
Epoch [267/300] Validation Accuracy: 41.58
Epoch [268/300] Training Loss: 0.1429
Epoch [268/300] Validation Accuracy: 41.74
Epoch [269/300] Training Loss: 0.0678
Epoch [269/300] Validation Accuracy: 42.06
Epoch [270/300] Training Loss: 0.0488
Epoch [270/300] Validation Accuracy: 42.11
Epoch [271/300] Training Loss: 0.0428
Epoch [271/300] Validation Accuracy: 42.64
Epoch [272/300] Training Loss: 0.1498
Epoch [272/300] Validation Accuracy: 41.68
Epoch [273/300] Training Loss: 0.0621
Epoch [273/300] Validation Accuracy: 41.68
Epoch [274/300] Training Loss: 0.0834
Epoch [274/300] Validation Accuracy: 41.26
Epoch [275/300] Training Loss: 0.1381
Epoch [275/300] Validation Accuracy: 41.68
Epoch [276/300] Training Loss: 0.1058
Epoch [276/300] Validation Accuracy: 41.31
Epoch [277/300] Training Loss: 0.0447
Epoch [277/300] Validation Accuracy: 42.43
Epoch [278/300] Training Loss: 0.1122
Epoch [278/300] Validation Accuracy: 42.32
Epoch [279/300] Training Loss: 0.0581
Epoch [279/300] Validation Accuracy: 42.74
Epoch [280/300] Training Loss: 0.0492
Epoch [280/300] Validation Accuracy: 42.85
Epoch [281/300] Training Loss: 0.0468
Epoch [281/300] Validation Accuracy: 41.47
Epoch [282/300] Training Loss: 0.0746
Epoch [282/300] Validation Accuracy: 41.95
Epoch [283/300] Training Loss: 0.0376
Epoch [283/300] Validation Accuracy: 41.68
Epoch [284/300] Training Loss: 0.0907
Epoch [284/300] Validation Accuracy: 41.68
Epoch [285/300] Training Loss: 0.0637
Epoch [285/300] Validation Accuracy: 41.84
Epoch [286/300] Training Loss: 0.1344
Epoch [286/300] Validation Accuracy: 42.58
Epoch [287/300] Training Loss: 0.0872
Epoch [287/300] Validation Accuracy: 41.95
Epoch [288/300] Training Loss: 0.0335
Epoch [288/300] Validation Accuracy: 42.32
Epoch [289/300] Training Loss: 0.0393
Epoch [289/300] Validation Accuracy: 41.95
Epoch [290/300] Training Loss: 0.1046
Epoch [290/300] Validation Accuracy: 41.90
Epoch [291/300] Training Loss: 0.0728
Epoch [291/300] Validation Accuracy: 42.00
Epoch [292/300] Training Loss: 0.0430
Epoch [292/300] Validation Accuracy: 42.43
Epoch [293/300] Training Loss: 0.0475
Epoch [293/300] Validation Accuracy: 42.43
Epoch [294/300] Training Loss: 0.0818
Epoch [294/300] Validation Accuracy: 41.68
Epoch [295/300] Training Loss: 0.0173
Epoch [295/300] Validation Accuracy: 42.11
Epoch [296/300] Training Loss: 0.0789
Epoch [296/300] Validation Accuracy: 42.00
Epoch [297/300] Training Loss: 0.0263
Epoch [297/300] Validation Accuracy: 41.90
Epoch [298/300] Training Loss: 0.0341
Epoch [298/300] Validation Accuracy: 42.64
Epoch [299/300] Training Loss: 0.0900
Epoch [299/300] Validation Accuracy: 41.90

Best Validation Accuracy of 45.18% at Epoch 132 of 300
