nohup: ignoring input
------Hyperparameters------
Number of Epochs | 500
Batch Size       | 128
LR:              | 0.00001
Validation Ratio | 0.250

---------------------------
Training on 5664 examples
Testing on 1888 examples
---------------------------

CNN (
  (layer1): Sequential (
    (0): Conv2d(1, 16, kernel_size=(3, 3), stride=(1, 1), padding=(1, 1))
    (1): BatchNorm2d(16, eps=1e-05, momentum=0.1, affine=True)
    (2): ReLU ()
    (3): MaxPool2d (size=(2, 2), stride=(2, 2), dilation=(1, 1))
  )
  (layer2): Sequential (
    (0): Conv2d(16, 32, kernel_size=(3, 3), stride=(1, 1), padding=(1, 1))
    (1): BatchNorm2d(32, eps=1e-05, momentum=0.1, affine=True)
    (2): ReLU ()
    (3): MaxPool2d (size=(2, 2), stride=(2, 2), dilation=(1, 1))
  )
  (layer3): Sequential (
    (0): Conv2d(32, 64, kernel_size=(3, 3), stride=(1, 1), padding=(1, 1))
    (1): BatchNorm2d(64, eps=1e-05, momentum=0.1, affine=True)
    (2): ReLU ()
    (3): MaxPool2d (size=(2, 2), stride=(2, 2), dilation=(1, 1))
  )
  (layer4): Sequential (
    (0): Conv2d(64, 128, kernel_size=(3, 3), stride=(1, 1), padding=(1, 1))
    (1): BatchNorm2d(128, eps=1e-05, momentum=0.1, affine=True)
    (2): ReLU ()
    (3): MaxPool2d (size=(2, 2), stride=(2, 2), dilation=(1, 1))
  )
  (layer5): Sequential (
    (0): Conv2d(128, 256, kernel_size=(3, 3), stride=(1, 1), padding=(1, 1))
    (1): BatchNorm2d(256, eps=1e-05, momentum=0.1, affine=True)
    (2): ReLU ()
    (3): MaxPool2d (size=(2, 2), stride=(2, 2), dilation=(1, 1))
  )
  (layer6): Sequential (
    (0): Conv2d(256, 512, kernel_size=(3, 3), stride=(1, 1), padding=(1, 1))
    (1): BatchNorm2d(512, eps=1e-05, momentum=0.1, affine=True)
    (2): ReLU ()
    (3): MaxPool2d (size=(2, 2), stride=(2, 2), dilation=(1, 1))
  )
  (fc): Linear (32768 -> 8)
)



Epoch [0/500] Training Loss: 2.0341
Epoch [0/500] Validation Accuracy: 24.58
Epoch [1/500] Training Loss: 1.8457
Epoch [1/500] Validation Accuracy: 27.54
Epoch [2/500] Training Loss: 1.8763
Epoch [2/500] Validation Accuracy: 26.96
Epoch [3/500] Training Loss: 1.8581
Epoch [3/500] Validation Accuracy: 28.71
Epoch [4/500] Training Loss: 1.9125
Epoch [4/500] Validation Accuracy: 29.45
Epoch [5/500] Training Loss: 1.7375
Epoch [5/500] Validation Accuracy: 30.19
Epoch [6/500] Training Loss: 1.8627
Epoch [6/500] Validation Accuracy: 31.30
Epoch [7/500] Training Loss: 1.8509
Epoch [7/500] Validation Accuracy: 31.30
Epoch [8/500] Training Loss: 1.9859
Epoch [8/500] Validation Accuracy: 31.62
Epoch [9/500] Training Loss: 1.7513
Epoch [9/500] Validation Accuracy: 33.58
Epoch [10/500] Training Loss: 1.7286
Epoch [10/500] Validation Accuracy: 34.06
Epoch [11/500] Training Loss: 1.5261
Epoch [11/500] Validation Accuracy: 34.80
Epoch [12/500] Training Loss: 1.7554
Epoch [12/500] Validation Accuracy: 34.80
Epoch [13/500] Training Loss: 1.6441
Epoch [13/500] Validation Accuracy: 34.64
Epoch [14/500] Training Loss: 1.8878
Epoch [14/500] Validation Accuracy: 35.17
Epoch [15/500] Training Loss: 1.8722
Epoch [15/500] Validation Accuracy: 36.33
Epoch [16/500] Training Loss: 1.6382
Epoch [16/500] Validation Accuracy: 36.39
Epoch [17/500] Training Loss: 1.4326
Epoch [17/500] Validation Accuracy: 37.66
Epoch [18/500] Training Loss: 1.7819
Epoch [18/500] Validation Accuracy: 36.92
Epoch [19/500] Training Loss: 1.3113
Epoch [19/500] Validation Accuracy: 36.49
Epoch [20/500] Training Loss: 1.4559
Epoch [20/500] Validation Accuracy: 38.40
Epoch [21/500] Training Loss: 1.4661
Epoch [21/500] Validation Accuracy: 38.19
Epoch [22/500] Training Loss: 1.3770
Epoch [22/500] Validation Accuracy: 38.51
Epoch [23/500] Training Loss: 1.6279
Epoch [23/500] Validation Accuracy: 37.55
Epoch [24/500] Training Loss: 1.6505
Epoch [24/500] Validation Accuracy: 39.19
Epoch [25/500] Training Loss: 1.4729
Epoch [25/500] Validation Accuracy: 39.35
Epoch [26/500] Training Loss: 1.6110
Epoch [26/500] Validation Accuracy: 39.09
Epoch [27/500] Training Loss: 1.3946
Epoch [27/500] Validation Accuracy: 40.15
Epoch [28/500] Training Loss: 1.5434
Epoch [28/500] Validation Accuracy: 40.25
Epoch [29/500] Training Loss: 1.3561
Epoch [29/500] Validation Accuracy: 39.99
Epoch [30/500] Training Loss: 1.3442
Epoch [30/500] Validation Accuracy: 40.47
Epoch [31/500] Training Loss: 1.3119
Epoch [31/500] Validation Accuracy: 40.84
Epoch [32/500] Training Loss: 1.1948
Epoch [32/500] Validation Accuracy: 40.36
Epoch [33/500] Training Loss: 1.4101
Epoch [33/500] Validation Accuracy: 41.10
Epoch [34/500] Training Loss: 1.2861
Epoch [34/500] Validation Accuracy: 41.47
Epoch [35/500] Training Loss: 1.6255
Epoch [35/500] Validation Accuracy: 41.90
Epoch [36/500] Training Loss: 1.2641
Epoch [36/500] Validation Accuracy: 42.11
Epoch [37/500] Training Loss: 1.3883
Epoch [37/500] Validation Accuracy: 42.16
Epoch [38/500] Training Loss: 1.4450
Epoch [38/500] Validation Accuracy: 42.43
Epoch [39/500] Training Loss: 1.4069
Epoch [39/500] Validation Accuracy: 43.96
Epoch [40/500] Training Loss: 1.2356
Epoch [40/500] Validation Accuracy: 42.11
Epoch [41/500] Training Loss: 1.6534
Epoch [41/500] Validation Accuracy: 41.79
Epoch [42/500] Training Loss: 1.3540
Epoch [42/500] Validation Accuracy: 43.06
Epoch [43/500] Training Loss: 1.3805
Epoch [43/500] Validation Accuracy: 43.11
Epoch [44/500] Training Loss: 1.2487
Epoch [44/500] Validation Accuracy: 44.44
Epoch [45/500] Training Loss: 1.2357
Epoch [45/500] Validation Accuracy: 44.07
Epoch [46/500] Training Loss: 1.2899
Epoch [46/500] Validation Accuracy: 43.86
Epoch [47/500] Training Loss: 1.4178
Epoch [47/500] Validation Accuracy: 44.33
Epoch [48/500] Training Loss: 1.1858
Epoch [48/500] Validation Accuracy: 43.49
Epoch [49/500] Training Loss: 1.2566
Epoch [49/500] Validation Accuracy: 43.43
Epoch [50/500] Training Loss: 1.2851
Epoch [50/500] Validation Accuracy: 43.54
Epoch [51/500] Training Loss: 1.0959
Epoch [51/500] Validation Accuracy: 44.65
Epoch [52/500] Training Loss: 1.0057
Epoch [52/500] Validation Accuracy: 44.01
Epoch [53/500] Training Loss: 0.8344
Epoch [53/500] Validation Accuracy: 44.12
Epoch [54/500] Training Loss: 1.4093
Epoch [54/500] Validation Accuracy: 43.59
Epoch [55/500] Training Loss: 1.4546
Epoch [55/500] Validation Accuracy: 43.91
Epoch [56/500] Training Loss: 1.0462
Epoch [56/500] Validation Accuracy: 43.59
Epoch [57/500] Training Loss: 1.1388
Epoch [57/500] Validation Accuracy: 44.12
Epoch [58/500] Training Loss: 1.0161
Epoch [58/500] Validation Accuracy: 45.18
Epoch [59/500] Training Loss: 1.1374
Epoch [59/500] Validation Accuracy: 44.97
Epoch [60/500] Training Loss: 1.1797
Epoch [60/500] Validation Accuracy: 45.18
Epoch [61/500] Training Loss: 1.0736
Epoch [61/500] Validation Accuracy: 44.28
Epoch [62/500] Training Loss: 1.2658
Epoch [62/500] Validation Accuracy: 45.02
Epoch [63/500] Training Loss: 0.9515
Epoch [63/500] Validation Accuracy: 45.23
Epoch [64/500] Training Loss: 1.1397
Epoch [64/500] Validation Accuracy: 43.91
Epoch [65/500] Training Loss: 1.1833
Epoch [65/500] Validation Accuracy: 45.18
Epoch [66/500] Training Loss: 1.1798
Epoch [66/500] Validation Accuracy: 44.65
Epoch [67/500] Training Loss: 1.2149
Epoch [67/500] Validation Accuracy: 45.71
Epoch [68/500] Training Loss: 1.1088
Epoch [68/500] Validation Accuracy: 45.29
Epoch [69/500] Training Loss: 0.9090
Epoch [69/500] Validation Accuracy: 45.55
Epoch [70/500] Training Loss: 1.2053
Epoch [70/500] Validation Accuracy: 45.50
Epoch [71/500] Training Loss: 1.0885
Epoch [71/500] Validation Accuracy: 46.56
Epoch [72/500] Training Loss: 0.9068
Epoch [72/500] Validation Accuracy: 46.03
Epoch [73/500] Training Loss: 1.0365
Epoch [73/500] Validation Accuracy: 45.39
Epoch [74/500] Training Loss: 1.1542
Epoch [74/500] Validation Accuracy: 45.82
Epoch [75/500] Training Loss: 1.0682
Epoch [75/500] Validation Accuracy: 45.29
Epoch [76/500] Training Loss: 1.1006
Epoch [76/500] Validation Accuracy: 46.50
Epoch [77/500] Training Loss: 1.3052
Epoch [77/500] Validation Accuracy: 45.18
Epoch [78/500] Training Loss: 1.0436
Epoch [78/500] Validation Accuracy: 46.77
Epoch [79/500] Training Loss: 1.0353
Epoch [79/500] Validation Accuracy: 46.50
Epoch [80/500] Training Loss: 0.9568
Epoch [80/500] Validation Accuracy: 45.92
Epoch [81/500] Training Loss: 0.9068
Epoch [81/500] Validation Accuracy: 46.08
Epoch [82/500] Training Loss: 1.1250
Epoch [82/500] Validation Accuracy: 45.92
Epoch [83/500] Training Loss: 1.0373
Epoch [83/500] Validation Accuracy: 46.19
Epoch [84/500] Training Loss: 1.1114
Epoch [84/500] Validation Accuracy: 46.03
Epoch [85/500] Training Loss: 1.1299
Epoch [85/500] Validation Accuracy: 45.82
Epoch [86/500] Training Loss: 1.0465
Epoch [86/500] Validation Accuracy: 46.56
Epoch [87/500] Training Loss: 1.1105
Epoch [87/500] Validation Accuracy: 46.35
Epoch [88/500] Training Loss: 0.8144
Epoch [88/500] Validation Accuracy: 46.24
Epoch [89/500] Training Loss: 0.9786
Epoch [89/500] Validation Accuracy: 45.76
Epoch [90/500] Training Loss: 1.0721
Epoch [90/500] Validation Accuracy: 46.98
Epoch [91/500] Training Loss: 1.0133
Epoch [91/500] Validation Accuracy: 46.98
Epoch [92/500] Training Loss: 0.8124
Epoch [92/500] Validation Accuracy: 47.19
Epoch [93/500] Training Loss: 0.8674
Epoch [93/500] Validation Accuracy: 46.82
Epoch [94/500] Training Loss: 1.2021
Epoch [94/500] Validation Accuracy: 46.61
Epoch [95/500] Training Loss: 1.0865
Epoch [95/500] Validation Accuracy: 46.03
Epoch [96/500] Training Loss: 1.1202
Epoch [96/500] Validation Accuracy: 46.50
Epoch [97/500] Training Loss: 1.0307
Epoch [97/500] Validation Accuracy: 46.66
Epoch [98/500] Training Loss: 1.0545
Epoch [98/500] Validation Accuracy: 46.45
Epoch [99/500] Training Loss: 0.8559
Epoch [99/500] Validation Accuracy: 47.83
Epoch [100/500] Training Loss: 0.9508
Epoch [100/500] Validation Accuracy: 47.40
Epoch [101/500] Training Loss: 0.9734
Epoch [101/500] Validation Accuracy: 46.88
Epoch [102/500] Training Loss: 0.8990
Epoch [102/500] Validation Accuracy: 46.77
Epoch [103/500] Training Loss: 0.7558
Epoch [103/500] Validation Accuracy: 46.66
Epoch [104/500] Training Loss: 0.7476
Epoch [104/500] Validation Accuracy: 47.25
Epoch [105/500] Training Loss: 0.8576
Epoch [105/500] Validation Accuracy: 46.98
Epoch [106/500] Training Loss: 0.8353
Epoch [106/500] Validation Accuracy: 46.82
Epoch [107/500] Training Loss: 0.7642
Epoch [107/500] Validation Accuracy: 46.08
Epoch [108/500] Training Loss: 0.9450
Epoch [108/500] Validation Accuracy: 46.45
Epoch [109/500] Training Loss: 0.9622
Epoch [109/500] Validation Accuracy: 46.56
Epoch [110/500] Training Loss: 0.9993
Epoch [110/500] Validation Accuracy: 47.14
Epoch [111/500] Training Loss: 0.8877
Epoch [111/500] Validation Accuracy: 47.03
Epoch [112/500] Training Loss: 1.0181
Epoch [112/500] Validation Accuracy: 45.39
Epoch [113/500] Training Loss: 0.6203
Epoch [113/500] Validation Accuracy: 46.19
Epoch [114/500] Training Loss: 0.9719
Epoch [114/500] Validation Accuracy: 47.72
Epoch [115/500] Training Loss: 0.8686
Epoch [115/500] Validation Accuracy: 47.72
Epoch [116/500] Training Loss: 0.9728
Epoch [116/500] Validation Accuracy: 48.15
Epoch [117/500] Training Loss: 0.8720
Epoch [117/500] Validation Accuracy: 47.51
Epoch [118/500] Training Loss: 0.6724
Epoch [118/500] Validation Accuracy: 47.30
Epoch [119/500] Training Loss: 0.7646
Epoch [119/500] Validation Accuracy: 46.35
Epoch [120/500] Training Loss: 0.7988
Epoch [120/500] Validation Accuracy: 46.77
Epoch [121/500] Training Loss: 1.0025
Epoch [121/500] Validation Accuracy: 48.25
Epoch [122/500] Training Loss: 0.7812
Epoch [122/500] Validation Accuracy: 46.98
Epoch [123/500] Training Loss: 0.7512
Epoch [123/500] Validation Accuracy: 48.25
Epoch [124/500] Training Loss: 0.6846
Epoch [124/500] Validation Accuracy: 47.78
Epoch [125/500] Training Loss: 1.1254
Epoch [125/500] Validation Accuracy: 47.40
Epoch [126/500] Training Loss: 0.7080
Epoch [126/500] Validation Accuracy: 48.25
Epoch [127/500] Training Loss: 0.8289
Epoch [127/500] Validation Accuracy: 48.31
Epoch [128/500] Training Loss: 0.8291
Epoch [128/500] Validation Accuracy: 47.46
Epoch [129/500] Training Loss: 0.9129
Epoch [129/500] Validation Accuracy: 48.62
Epoch [130/500] Training Loss: 0.8456
Epoch [130/500] Validation Accuracy: 47.51
Epoch [131/500] Training Loss: 0.6764
Epoch [131/500] Validation Accuracy: 46.88
Epoch [132/500] Training Loss: 0.9271
Epoch [132/500] Validation Accuracy: 46.45
Epoch [133/500] Training Loss: 0.8345
Epoch [133/500] Validation Accuracy: 46.61
Epoch [134/500] Training Loss: 0.8635
Epoch [134/500] Validation Accuracy: 46.77
Epoch [135/500] Training Loss: 0.9870
Epoch [135/500] Validation Accuracy: 47.93
Epoch [136/500] Training Loss: 0.6759
Epoch [136/500] Validation Accuracy: 48.73
Epoch [137/500] Training Loss: 0.8131
Epoch [137/500] Validation Accuracy: 48.52
Epoch [138/500] Training Loss: 0.8740
Epoch [138/500] Validation Accuracy: 46.93
Epoch [139/500] Training Loss: 0.9616
Epoch [139/500] Validation Accuracy: 43.80
Epoch [140/500] Training Loss: 0.8850
Epoch [140/500] Validation Accuracy: 47.67
Epoch [141/500] Training Loss: 0.6628
Epoch [141/500] Validation Accuracy: 47.51
Epoch [142/500] Training Loss: 0.7592
Epoch [142/500] Validation Accuracy: 48.04
Epoch [143/500] Training Loss: 0.9725
Epoch [143/500] Validation Accuracy: 46.40
Epoch [144/500] Training Loss: 0.6353
Epoch [144/500] Validation Accuracy: 46.98
Epoch [145/500] Training Loss: 0.6987
Epoch [145/500] Validation Accuracy: 48.41
Epoch [146/500] Training Loss: 0.8047
Epoch [146/500] Validation Accuracy: 48.57
Epoch [147/500] Training Loss: 0.6742
Epoch [147/500] Validation Accuracy: 48.15
Epoch [148/500] Training Loss: 0.5874
Epoch [148/500] Validation Accuracy: 47.35
Epoch [149/500] Training Loss: 0.9148
Epoch [149/500] Validation Accuracy: 40.84
Epoch [150/500] Training Loss: 0.6588
Epoch [150/500] Validation Accuracy: 44.92
Epoch [151/500] Training Loss: 0.7057
Epoch [151/500] Validation Accuracy: 48.68
Epoch [152/500] Training Loss: 0.7767
Epoch [152/500] Validation Accuracy: 47.35
Epoch [153/500] Training Loss: 0.7551
Epoch [153/500] Validation Accuracy: 47.99
Epoch [154/500] Training Loss: 0.4011
Epoch [154/500] Validation Accuracy: 47.72
Epoch [155/500] Training Loss: 0.5992
Epoch [155/500] Validation Accuracy: 48.09
Epoch [156/500] Training Loss: 0.8399
Epoch [156/500] Validation Accuracy: 48.57
Epoch [157/500] Training Loss: 0.4080
Epoch [157/500] Validation Accuracy: 47.46
Epoch [158/500] Training Loss: 0.3920
Epoch [158/500] Validation Accuracy: 47.93
Epoch [159/500] Training Loss: 0.5816
Epoch [159/500] Validation Accuracy: 47.93
Epoch [160/500] Training Loss: 0.7384
Epoch [160/500] Validation Accuracy: 46.19
Epoch [161/500] Training Loss: 0.6958
Epoch [161/500] Validation Accuracy: 45.55
Epoch [162/500] Training Loss: 0.7800
Epoch [162/500] Validation Accuracy: 47.83
Epoch [163/500] Training Loss: 0.4070
Epoch [163/500] Validation Accuracy: 47.62
Epoch [164/500] Training Loss: 0.6481
Epoch [164/500] Validation Accuracy: 48.73
Epoch [165/500] Training Loss: 0.5240
Epoch [165/500] Validation Accuracy: 45.34
Epoch [166/500] Training Loss: 0.8092
Epoch [166/500] Validation Accuracy: 42.69
Epoch [167/500] Training Loss: 0.6942
Epoch [167/500] Validation Accuracy: 47.51
Epoch [168/500] Training Loss: 0.5782
Epoch [168/500] Validation Accuracy: 45.87
Epoch [169/500] Training Loss: 0.6173
Epoch [169/500] Validation Accuracy: 48.09
Epoch [170/500] Training Loss: 0.6834
Epoch [170/500] Validation Accuracy: 47.56
Epoch [171/500] Training Loss: 0.5316
Epoch [171/500] Validation Accuracy: 48.15
Epoch [172/500] Training Loss: 0.6420
Epoch [172/500] Validation Accuracy: 47.25
Epoch [173/500] Training Loss: 0.4318
Epoch [173/500] Validation Accuracy: 47.46
Epoch [174/500] Training Loss: 0.6461
Epoch [174/500] Validation Accuracy: 48.57
Epoch [175/500] Training Loss: 0.5717
Epoch [175/500] Validation Accuracy: 48.25
Epoch [176/500] Training Loss: 0.7212
Epoch [176/500] Validation Accuracy: 44.12
Epoch [177/500] Training Loss: 0.5731
Epoch [177/500] Validation Accuracy: 46.40
Epoch [178/500] Training Loss: 0.6377
Epoch [178/500] Validation Accuracy: 43.33
Epoch [179/500] Training Loss: 0.5462
Epoch [179/500] Validation Accuracy: 42.53
Epoch [180/500] Training Loss: 0.3454
Epoch [180/500] Validation Accuracy: 49.10
Epoch [181/500] Training Loss: 0.6286
Epoch [181/500] Validation Accuracy: 48.41
Epoch [182/500] Training Loss: 0.5841
Epoch [182/500] Validation Accuracy: 49.05
Epoch [183/500] Training Loss: 0.8091
Epoch [183/500] Validation Accuracy: 48.83
Epoch [184/500] Training Loss: 0.4416
Epoch [184/500] Validation Accuracy: 48.15
Epoch [185/500] Training Loss: 0.6977
Epoch [185/500] Validation Accuracy: 43.86
Epoch [186/500] Training Loss: 0.5959
Epoch [186/500] Validation Accuracy: 45.39
Epoch [187/500] Training Loss: 0.7511
Epoch [187/500] Validation Accuracy: 48.04
Epoch [188/500] Training Loss: 0.6411
Epoch [188/500] Validation Accuracy: 47.25
Epoch [189/500] Training Loss: 0.5772
Epoch [189/500] Validation Accuracy: 45.13
Epoch [190/500] Training Loss: 0.5979
Epoch [190/500] Validation Accuracy: 48.15
Epoch [191/500] Training Loss: 0.4321
Epoch [191/500] Validation Accuracy: 44.76
Epoch [192/500] Training Loss: 0.7209
Epoch [192/500] Validation Accuracy: 47.78
Epoch [193/500] Training Loss: 0.4779
Epoch [193/500] Validation Accuracy: 47.51
Epoch [194/500] Training Loss: 0.5889
Epoch [194/500] Validation Accuracy: 45.97
Epoch [195/500] Training Loss: 0.5976
Epoch [195/500] Validation Accuracy: 48.09
Epoch [196/500] Training Loss: 0.5178
Epoch [196/500] Validation Accuracy: 48.52
Epoch [197/500] Training Loss: 0.5555
Epoch [197/500] Validation Accuracy: 46.08
Epoch [198/500] Training Loss: 0.7065
Epoch [198/500] Validation Accuracy: 38.82
Epoch [199/500] Training Loss: 0.5033
Epoch [199/500] Validation Accuracy: 41.90
Epoch [200/500] Training Loss: 0.4397
Epoch [200/500] Validation Accuracy: 48.09
Epoch [201/500] Training Loss: 0.4220
Epoch [201/500] Validation Accuracy: 44.17
Epoch [202/500] Training Loss: 0.5336
Epoch [202/500] Validation Accuracy: 44.07
Epoch [203/500] Training Loss: 0.4085
Epoch [203/500] Validation Accuracy: 47.25
Epoch [204/500] Training Loss: 0.4553
Epoch [204/500] Validation Accuracy: 48.46
Epoch [205/500] Training Loss: 0.4291
Epoch [205/500] Validation Accuracy: 47.03
Epoch [206/500] Training Loss: 0.4380
Epoch [206/500] Validation Accuracy: 48.78
Epoch [207/500] Training Loss: 0.4336
Epoch [207/500] Validation Accuracy: 47.03
Epoch [208/500] Training Loss: 0.3162
Epoch [208/500] Validation Accuracy: 47.99
Epoch [209/500] Training Loss: 0.3640
Epoch [209/500] Validation Accuracy: 45.18
Epoch [210/500] Training Loss: 0.5133
Epoch [210/500] Validation Accuracy: 45.97
Epoch [211/500] Training Loss: 0.3347
Epoch [211/500] Validation Accuracy: 46.19
Epoch [212/500] Training Loss: 0.7053
Epoch [212/500] Validation Accuracy: 48.15
Epoch [213/500] Training Loss: 0.6056
Epoch [213/500] Validation Accuracy: 48.25
Epoch [214/500] Training Loss: 0.5930
Epoch [214/500] Validation Accuracy: 42.27
Epoch [215/500] Training Loss: 0.3504
Epoch [215/500] Validation Accuracy: 48.41
Epoch [216/500] Training Loss: 0.3843
Epoch [216/500] Validation Accuracy: 42.96
Epoch [217/500] Training Loss: 0.3688
Epoch [217/500] Validation Accuracy: 49.31
Epoch [218/500] Training Loss: 0.3888
Epoch [218/500] Validation Accuracy: 37.55
Epoch [219/500] Training Loss: 0.4663
Epoch [219/500] Validation Accuracy: 48.04
Epoch [220/500] Training Loss: 0.3971
Epoch [220/500] Validation Accuracy: 49.63
Epoch [221/500] Training Loss: 0.6394
Epoch [221/500] Validation Accuracy: 42.16
Epoch [222/500] Training Loss: 0.5912
Epoch [222/500] Validation Accuracy: 48.25
Epoch [223/500] Training Loss: 0.6043
Epoch [223/500] Validation Accuracy: 47.09
Epoch [224/500] Training Loss: 0.4196
Epoch [224/500] Validation Accuracy: 47.30
Epoch [225/500] Training Loss: 0.3488
Epoch [225/500] Validation Accuracy: 44.12
Epoch [226/500] Training Loss: 0.3187
Epoch [226/500] Validation Accuracy: 44.07
Epoch [227/500] Training Loss: 0.4220
Epoch [227/500] Validation Accuracy: 46.88
Epoch [228/500] Training Loss: 0.5700
Epoch [228/500] Validation Accuracy: 47.25
Epoch [229/500] Training Loss: 0.2231
Epoch [229/500] Validation Accuracy: 40.94
Epoch [230/500] Training Loss: 0.4410
Epoch [230/500] Validation Accuracy: 44.81
Epoch [231/500] Training Loss: 0.4274
Epoch [231/500] Validation Accuracy: 44.49
Epoch [232/500] Training Loss: 0.3909
Epoch [232/500] Validation Accuracy: 47.09
Epoch [233/500] Training Loss: 0.2884
Epoch [233/500] Validation Accuracy: 46.24
Epoch [234/500] Training Loss: 0.3159
Epoch [234/500] Validation Accuracy: 48.57
Epoch [235/500] Training Loss: 0.4932
Epoch [235/500] Validation Accuracy: 47.88
Epoch [236/500] Training Loss: 0.4094
Epoch [236/500] Validation Accuracy: 35.01
Epoch [237/500] Training Loss: 0.5213
Epoch [237/500] Validation Accuracy: 45.55
Epoch [238/500] Training Loss: 0.2921
Epoch [238/500] Validation Accuracy: 43.01
Epoch [239/500] Training Loss: 0.2861
Epoch [239/500] Validation Accuracy: 44.60
Epoch [240/500] Training Loss: 0.4095
Epoch [240/500] Validation Accuracy: 48.31
Epoch [241/500] Training Loss: 0.2056
Epoch [241/500] Validation Accuracy: 46.66
Epoch [242/500] Training Loss: 0.4846
Epoch [242/500] Validation Accuracy: 46.19
Epoch [243/500] Training Loss: 0.5638
Epoch [243/500] Validation Accuracy: 45.66
Epoch [244/500] Training Loss: 0.3301
Epoch [244/500] Validation Accuracy: 46.66
Epoch [245/500] Training Loss: 0.4146
Epoch [245/500] Validation Accuracy: 48.36
Epoch [246/500] Training Loss: 0.3394
Epoch [246/500] Validation Accuracy: 47.56
Epoch [247/500] Training Loss: 0.4122
Epoch [247/500] Validation Accuracy: 44.86
Epoch [248/500] Training Loss: 0.3597
Epoch [248/500] Validation Accuracy: 47.93
Epoch [249/500] Training Loss: 0.3746
Epoch [249/500] Validation Accuracy: 46.03
Epoch [250/500] Training Loss: 0.4753
Epoch [250/500] Validation Accuracy: 44.97
Epoch [251/500] Training Loss: 0.2997
Epoch [251/500] Validation Accuracy: 47.56
Epoch [252/500] Training Loss: 0.3362
Epoch [252/500] Validation Accuracy: 46.77
Epoch [253/500] Training Loss: 0.2915
Epoch [253/500] Validation Accuracy: 48.68
Epoch [254/500] Training Loss: 0.3768
Epoch [254/500] Validation Accuracy: 39.72
Epoch [255/500] Training Loss: 0.1118
Epoch [255/500] Validation Accuracy: 38.35
Epoch [256/500] Training Loss: 0.2005
Epoch [256/500] Validation Accuracy: 46.40
Epoch [257/500] Training Loss: 0.3308
Epoch [257/500] Validation Accuracy: 48.46
Epoch [258/500] Training Loss: 0.3473
Epoch [258/500] Validation Accuracy: 44.07
Epoch [259/500] Training Loss: 0.2816
Epoch [259/500] Validation Accuracy: 42.96
Epoch [260/500] Training Loss: 0.2809
Epoch [260/500] Validation Accuracy: 48.36
Epoch [261/500] Training Loss: 0.3976
Epoch [261/500] Validation Accuracy: 43.86
Epoch [262/500] Training Loss: 0.4294
Epoch [262/500] Validation Accuracy: 47.78
Epoch [263/500] Training Loss: 0.3956
Epoch [263/500] Validation Accuracy: 44.76
Epoch [264/500] Training Loss: 0.5795
Epoch [264/500] Validation Accuracy: 45.02
Epoch [265/500] Training Loss: 0.4007
Epoch [265/500] Validation Accuracy: 47.88
Epoch [266/500] Training Loss: 0.2626
Epoch [266/500] Validation Accuracy: 45.23
Epoch [267/500] Training Loss: 0.2925
Epoch [267/500] Validation Accuracy: 40.78
Epoch [268/500] Training Loss: 0.1977
Epoch [268/500] Validation Accuracy: 43.33
Epoch [269/500] Training Loss: 0.2260
Epoch [269/500] Validation Accuracy: 44.12
Epoch [270/500] Training Loss: 0.4187
Epoch [270/500] Validation Accuracy: 47.88
Epoch [271/500] Training Loss: 0.3777
Epoch [271/500] Validation Accuracy: 45.50
Epoch [272/500] Training Loss: 0.4073
Epoch [272/500] Validation Accuracy: 46.66
Epoch [273/500] Training Loss: 0.2314
Epoch [273/500] Validation Accuracy: 46.19
Epoch [274/500] Training Loss: 0.6013
Epoch [274/500] Validation Accuracy: 40.04
Epoch [275/500] Training Loss: 0.3986
Epoch [275/500] Validation Accuracy: 43.54
Epoch [276/500] Training Loss: 0.5557
Epoch [276/500] Validation Accuracy: 45.39
Epoch [277/500] Training Loss: 0.2577
Epoch [277/500] Validation Accuracy: 47.40
Epoch [278/500] Training Loss: 0.4048
Epoch [278/500] Validation Accuracy: 47.25
Epoch [279/500] Training Loss: 0.2496
Epoch [279/500] Validation Accuracy: 47.93
Epoch [280/500] Training Loss: 0.2084
Epoch [280/500] Validation Accuracy: 46.77
Epoch [281/500] Training Loss: 0.1971
Epoch [281/500] Validation Accuracy: 44.81
Epoch [282/500] Training Loss: 0.2825
Epoch [282/500] Validation Accuracy: 44.86
Epoch [283/500] Training Loss: 0.2628
Epoch [283/500] Validation Accuracy: 47.99
Epoch [284/500] Training Loss: 0.3515
Epoch [284/500] Validation Accuracy: 46.24
Epoch [285/500] Training Loss: 0.1650
Epoch [285/500] Validation Accuracy: 48.68
Epoch [286/500] Training Loss: 0.2950
Epoch [286/500] Validation Accuracy: 47.03
Epoch [287/500] Training Loss: 0.2627
Epoch [287/500] Validation Accuracy: 40.62
Epoch [288/500] Training Loss: 0.2636
Epoch [288/500] Validation Accuracy: 45.76
Epoch [289/500] Training Loss: 0.1699
Epoch [289/500] Validation Accuracy: 46.93
Epoch [290/500] Training Loss: 0.2177
Epoch [290/500] Validation Accuracy: 44.39
Epoch [291/500] Training Loss: 0.1877
Epoch [291/500] Validation Accuracy: 47.62
Epoch [292/500] Training Loss: 0.2069
Epoch [292/500] Validation Accuracy: 47.78
Epoch [293/500] Training Loss: 0.2477
Epoch [293/500] Validation Accuracy: 44.60
Epoch [294/500] Training Loss: 0.2633
Epoch [294/500] Validation Accuracy: 47.09
Epoch [295/500] Training Loss: 0.2355
Epoch [295/500] Validation Accuracy: 45.97
Epoch [296/500] Training Loss: 0.1270
Epoch [296/500] Validation Accuracy: 41.90
Epoch [297/500] Training Loss: 0.2671
Epoch [297/500] Validation Accuracy: 46.08
Epoch [298/500] Training Loss: 0.1641
Epoch [298/500] Validation Accuracy: 45.07
Epoch [299/500] Training Loss: 0.2260
Epoch [299/500] Validation Accuracy: 48.20
Epoch [300/500] Training Loss: 0.2225
Epoch [300/500] Validation Accuracy: 46.88
Epoch [301/500] Training Loss: 0.1397
Epoch [301/500] Validation Accuracy: 34.80
Epoch [302/500] Training Loss: 0.3733
Epoch [302/500] Validation Accuracy: 39.57
Epoch [303/500] Training Loss: 0.1098
Epoch [303/500] Validation Accuracy: 43.96
Epoch [304/500] Training Loss: 0.2201
Epoch [304/500] Validation Accuracy: 45.82
Epoch [305/500] Training Loss: 0.2141
Epoch [305/500] Validation Accuracy: 44.23
Epoch [306/500] Training Loss: 0.1801
Epoch [306/500] Validation Accuracy: 37.82
Epoch [307/500] Training Loss: 0.2698
Epoch [307/500] Validation Accuracy: 43.91
Epoch [308/500] Training Loss: 0.2739
Epoch [308/500] Validation Accuracy: 46.24
Epoch [309/500] Training Loss: 0.3067
Epoch [309/500] Validation Accuracy: 47.30
Epoch [310/500] Training Loss: 0.2511
Epoch [310/500] Validation Accuracy: 44.28
Epoch [311/500] Training Loss: 0.2302
Epoch [311/500] Validation Accuracy: 39.14
Epoch [312/500] Training Loss: 0.2336
Epoch [312/500] Validation Accuracy: 44.44
Epoch [313/500] Training Loss: 0.2918
Epoch [313/500] Validation Accuracy: 46.45
Epoch [314/500] Training Loss: 0.2586
Epoch [314/500] Validation Accuracy: 45.18
Epoch [315/500] Training Loss: 0.3126
Epoch [315/500] Validation Accuracy: 34.53
Epoch [316/500] Training Loss: 0.2049
Epoch [316/500] Validation Accuracy: 40.62
Epoch [317/500] Training Loss: 0.2672
Epoch [317/500] Validation Accuracy: 43.22
Epoch [318/500] Training Loss: 0.2307
Epoch [318/500] Validation Accuracy: 39.94
Epoch [319/500] Training Loss: 0.2031
Epoch [319/500] Validation Accuracy: 43.43
Epoch [320/500] Training Loss: 0.2697
Epoch [320/500] Validation Accuracy: 44.81
Epoch [321/500] Training Loss: 0.2717
Epoch [321/500] Validation Accuracy: 47.88
Epoch [322/500] Training Loss: 0.1469
Epoch [322/500] Validation Accuracy: 46.61
Epoch [323/500] Training Loss: 0.1574
Epoch [323/500] Validation Accuracy: 46.08
Epoch [324/500] Training Loss: 0.1423
Epoch [324/500] Validation Accuracy: 47.19
Epoch [325/500] Training Loss: 0.2298
Epoch [325/500] Validation Accuracy: 44.33
Epoch [326/500] Training Loss: 0.1413
Epoch [326/500] Validation Accuracy: 48.25
Epoch [327/500] Training Loss: 0.1650
Epoch [327/500] Validation Accuracy: 46.24
Epoch [328/500] Training Loss: 0.2031
Epoch [328/500] Validation Accuracy: 43.64
Epoch [329/500] Training Loss: 0.2639
Epoch [329/500] Validation Accuracy: 42.27
Epoch [330/500] Training Loss: 0.1193
Epoch [330/500] Validation Accuracy: 43.49
Epoch [331/500] Training Loss: 0.2694
Epoch [331/500] Validation Accuracy: 46.88
Epoch [332/500] Training Loss: 0.1622
Epoch [332/500] Validation Accuracy: 46.29
Epoch [333/500] Training Loss: 0.2288
Epoch [333/500] Validation Accuracy: 47.88
Epoch [334/500] Training Loss: 0.1695
Epoch [334/500] Validation Accuracy: 45.92
Epoch [335/500] Training Loss: 0.2058
Epoch [335/500] Validation Accuracy: 47.19
Epoch [336/500] Training Loss: 0.1970
Epoch [336/500] Validation Accuracy: 45.39
Epoch [337/500] Training Loss: 0.2109
Epoch [337/500] Validation Accuracy: 40.68
Epoch [338/500] Training Loss: 0.1960
Epoch [338/500] Validation Accuracy: 46.98
Epoch [339/500] Training Loss: 0.1927
Epoch [339/500] Validation Accuracy: 48.41
Epoch [340/500] Training Loss: 0.2090
Epoch [340/500] Validation Accuracy: 44.65
Epoch [341/500] Training Loss: 0.1366
Epoch [341/500] Validation Accuracy: 41.42
Epoch [342/500] Training Loss: 0.1105
Epoch [342/500] Validation Accuracy: 45.18
Epoch [343/500] Training Loss: 0.2167
Epoch [343/500] Validation Accuracy: 47.09
Epoch [344/500] Training Loss: 0.2299
Epoch [344/500] Validation Accuracy: 38.35
Epoch [345/500] Training Loss: 0.2101
Epoch [345/500] Validation Accuracy: 41.31
Epoch [346/500] Training Loss: 0.0863
Epoch [346/500] Validation Accuracy: 43.80
Epoch [347/500] Training Loss: 0.1799
Epoch [347/500] Validation Accuracy: 45.71
Epoch [348/500] Training Loss: 0.2960
Epoch [348/500] Validation Accuracy: 42.27
Epoch [349/500] Training Loss: 0.0675
Epoch [349/500] Validation Accuracy: 45.92
Epoch [350/500] Training Loss: 0.1035
Epoch [350/500] Validation Accuracy: 45.92
Epoch [351/500] Training Loss: 0.1461
Epoch [351/500] Validation Accuracy: 46.19
Epoch [352/500] Training Loss: 0.0759
Epoch [352/500] Validation Accuracy: 44.44
Epoch [353/500] Training Loss: 0.2616
Epoch [353/500] Validation Accuracy: 44.86
Epoch [354/500] Training Loss: 0.1179
Epoch [354/500] Validation Accuracy: 44.81
Epoch [355/500] Training Loss: 0.3002
Epoch [355/500] Validation Accuracy: 47.72
Epoch [356/500] Training Loss: 0.1721
Epoch [356/500] Validation Accuracy: 45.66
Epoch [357/500] Training Loss: 0.0653
Epoch [357/500] Validation Accuracy: 48.15
Epoch [358/500] Training Loss: 0.2096
Epoch [358/500] Validation Accuracy: 43.01
Epoch [359/500] Training Loss: 0.1700
Epoch [359/500] Validation Accuracy: 46.88
Epoch [360/500] Training Loss: 0.2307
Epoch [360/500] Validation Accuracy: 47.03
Epoch [361/500] Training Loss: 0.0893
Epoch [361/500] Validation Accuracy: 38.40
Epoch [362/500] Training Loss: 0.1274
Epoch [362/500] Validation Accuracy: 46.50
Epoch [363/500] Training Loss: 0.0489
Epoch [363/500] Validation Accuracy: 47.09
Epoch [364/500] Training Loss: 0.2033
Epoch [364/500] Validation Accuracy: 46.19
Epoch [365/500] Training Loss: 0.1064
Epoch [365/500] Validation Accuracy: 47.67
Epoch [366/500] Training Loss: 0.1331
Epoch [366/500] Validation Accuracy: 43.27
Epoch [367/500] Training Loss: 0.1389
Epoch [367/500] Validation Accuracy: 42.85
Epoch [368/500] Training Loss: 0.3464
Epoch [368/500] Validation Accuracy: 47.30
Epoch [369/500] Training Loss: 0.1870
Epoch [369/500] Validation Accuracy: 47.83
Epoch [370/500] Training Loss: 0.1831
Epoch [370/500] Validation Accuracy: 43.59
Epoch [371/500] Training Loss: 0.1582
Epoch [371/500] Validation Accuracy: 41.31
Epoch [372/500] Training Loss: 0.1165
Epoch [372/500] Validation Accuracy: 45.97
Epoch [373/500] Training Loss: 0.2347
Epoch [373/500] Validation Accuracy: 45.82
Epoch [374/500] Training Loss: 0.1075
Epoch [374/500] Validation Accuracy: 48.46
Epoch [375/500] Training Loss: 0.0981
Epoch [375/500] Validation Accuracy: 43.91
Epoch [376/500] Training Loss: 0.0818
Epoch [376/500] Validation Accuracy: 44.60
Epoch [377/500] Training Loss: 0.1192
Epoch [377/500] Validation Accuracy: 46.50
Epoch [378/500] Training Loss: 0.0956
Epoch [378/500] Validation Accuracy: 48.04
Epoch [379/500] Training Loss: 0.2860
Epoch [379/500] Validation Accuracy: 42.32
Epoch [380/500] Training Loss: 0.2106
Epoch [380/500] Validation Accuracy: 40.73
Epoch [381/500] Training Loss: 0.2766
Epoch [381/500] Validation Accuracy: 28.65
Epoch [382/500] Training Loss: 0.1734
Epoch [382/500] Validation Accuracy: 42.58
Epoch [383/500] Training Loss: 0.0537
Epoch [383/500] Validation Accuracy: 43.70
Epoch [384/500] Training Loss: 0.1636
Epoch [384/500] Validation Accuracy: 45.55
Epoch [385/500] Training Loss: 0.1686
Epoch [385/500] Validation Accuracy: 46.56
Epoch [386/500] Training Loss: 0.0482
Epoch [386/500] Validation Accuracy: 41.53
Epoch [387/500] Training Loss: 0.0910
Epoch [387/500] Validation Accuracy: 46.03
Epoch [388/500] Training Loss: 0.2084
Epoch [388/500] Validation Accuracy: 44.33
Epoch [389/500] Training Loss: 0.0794
Epoch [389/500] Validation Accuracy: 46.82
Epoch [390/500] Training Loss: 0.1258
Epoch [390/500] Validation Accuracy: 43.33
Epoch [391/500] Training Loss: 0.0902
Epoch [391/500] Validation Accuracy: 43.22
Epoch [392/500] Training Loss: 0.0536
Epoch [392/500] Validation Accuracy: 44.81
Epoch [393/500] Training Loss: 0.2446
Epoch [393/500] Validation Accuracy: 44.01
Epoch [394/500] Training Loss: 0.1609
Epoch [394/500] Validation Accuracy: 45.55
Epoch [395/500] Training Loss: 0.1899
Epoch [395/500] Validation Accuracy: 36.33
Epoch [396/500] Training Loss: 0.0778
Epoch [396/500] Validation Accuracy: 43.49
Epoch [397/500] Training Loss: 0.0953
Epoch [397/500] Validation Accuracy: 40.62
Epoch [398/500] Training Loss: 0.0675
Epoch [398/500] Validation Accuracy: 45.60
Epoch [399/500] Training Loss: 0.0803
Epoch [399/500] Validation Accuracy: 41.95
Epoch [400/500] Training Loss: 0.0882
Epoch [400/500] Validation Accuracy: 40.84
Epoch [401/500] Training Loss: 0.0499
Epoch [401/500] Validation Accuracy: 45.13
Epoch [402/500] Training Loss: 0.2131
Epoch [402/500] Validation Accuracy: 47.09
Epoch [403/500] Training Loss: 0.0817
Epoch [403/500] Validation Accuracy: 45.50
Epoch [404/500] Training Loss: 0.1629
Epoch [404/500] Validation Accuracy: 35.49
Epoch [405/500] Training Loss: 0.1249
Epoch [405/500] Validation Accuracy: 45.66
Epoch [406/500] Training Loss: 0.0868
Epoch [406/500] Validation Accuracy: 43.54
Epoch [407/500] Training Loss: 0.0874
Epoch [407/500] Validation Accuracy: 45.82
Epoch [408/500] Training Loss: 0.0679
Epoch [408/500] Validation Accuracy: 41.79
Epoch [409/500] Training Loss: 0.1700
Epoch [409/500] Validation Accuracy: 40.62
Epoch [410/500] Training Loss: 0.1893
Epoch [410/500] Validation Accuracy: 44.81
Epoch [411/500] Training Loss: 0.0743
Epoch [411/500] Validation Accuracy: 46.82
Epoch [412/500] Training Loss: 0.0865
Epoch [412/500] Validation Accuracy: 42.90
Epoch [413/500] Training Loss: 0.1109
Epoch [413/500] Validation Accuracy: 46.35
Epoch [414/500] Training Loss: 0.1022
Epoch [414/500] Validation Accuracy: 45.87
Epoch [415/500] Training Loss: 0.0559
Epoch [415/500] Validation Accuracy: 43.64
Epoch [416/500] Training Loss: 0.1483
Epoch [416/500] Validation Accuracy: 47.62
Epoch [417/500] Training Loss: 0.0734
Epoch [417/500] Validation Accuracy: 39.19
Epoch [418/500] Training Loss: 0.1024
Epoch [418/500] Validation Accuracy: 38.45
Epoch [419/500] Training Loss: 0.0343
Epoch [419/500] Validation Accuracy: 46.82
Epoch [420/500] Training Loss: 0.0482
Epoch [420/500] Validation Accuracy: 46.08
Epoch [421/500] Training Loss: 0.1220
Epoch [421/500] Validation Accuracy: 43.17
Epoch [422/500] Training Loss: 0.1765
Epoch [422/500] Validation Accuracy: 46.61
Epoch [423/500] Training Loss: 0.0973
Epoch [423/500] Validation Accuracy: 44.86
Epoch [424/500] Training Loss: 0.1189
Epoch [424/500] Validation Accuracy: 47.35
Epoch [425/500] Training Loss: 0.0933
Epoch [425/500] Validation Accuracy: 42.48
Epoch [426/500] Training Loss: 0.0788
Epoch [426/500] Validation Accuracy: 46.88
Epoch [427/500] Training Loss: 0.0713
Epoch [427/500] Validation Accuracy: 40.41
Epoch [428/500] Training Loss: 0.1549
Epoch [428/500] Validation Accuracy: 47.30
Epoch [429/500] Training Loss: 0.0509
Epoch [429/500] Validation Accuracy: 42.96
Epoch [430/500] Training Loss: 0.0925
Epoch [430/500] Validation Accuracy: 44.17
Epoch [431/500] Training Loss: 0.0523
Epoch [431/500] Validation Accuracy: 45.92
Epoch [432/500] Training Loss: 0.1851
Epoch [432/500] Validation Accuracy: 40.89
Epoch [433/500] Training Loss: 0.0797
Epoch [433/500] Validation Accuracy: 40.04
Epoch [434/500] Training Loss: 0.1025
Epoch [434/500] Validation Accuracy: 44.49
Epoch [435/500] Training Loss: 0.0328
Epoch [435/500] Validation Accuracy: 44.60
Epoch [436/500] Training Loss: 0.1027
Epoch [436/500] Validation Accuracy: 41.15
Epoch [437/500] Training Loss: 0.0510
Epoch [437/500] Validation Accuracy: 45.76
Epoch [438/500] Training Loss: 0.2257
Epoch [438/500] Validation Accuracy: 39.41
Epoch [439/500] Training Loss: 0.0645
Epoch [439/500] Validation Accuracy: 48.04
Epoch [440/500] Training Loss: 0.3551
Epoch [440/500] Validation Accuracy: 43.11
Epoch [441/500] Training Loss: 0.1684
Epoch [441/500] Validation Accuracy: 43.11
Epoch [442/500] Training Loss: 0.0758
Epoch [442/500] Validation Accuracy: 45.34
Epoch [443/500] Training Loss: 0.1087
Epoch [443/500] Validation Accuracy: 41.68
Epoch [444/500] Training Loss: 0.0341
Epoch [444/500] Validation Accuracy: 41.10
Epoch [445/500] Training Loss: 0.0466
Epoch [445/500] Validation Accuracy: 46.08
Epoch [446/500] Training Loss: 0.0911
Epoch [446/500] Validation Accuracy: 41.63
Epoch [447/500] Training Loss: 0.1315
Epoch [447/500] Validation Accuracy: 42.96
Epoch [448/500] Training Loss: 0.1067
Epoch [448/500] Validation Accuracy: 46.19
Epoch [449/500] Training Loss: 0.1668
Epoch [449/500] Validation Accuracy: 46.24
Epoch [450/500] Training Loss: 0.0219
Epoch [450/500] Validation Accuracy: 43.06
Epoch [451/500] Training Loss: 0.0792
Epoch [451/500] Validation Accuracy: 41.63
Epoch [452/500] Training Loss: 0.0453
Epoch [452/500] Validation Accuracy: 46.35
Epoch [453/500] Training Loss: 0.0579
Epoch [453/500] Validation Accuracy: 45.82
Epoch [454/500] Training Loss: 0.0447
Epoch [454/500] Validation Accuracy: 43.86
Epoch [455/500] Training Loss: 0.0363
Epoch [455/500] Validation Accuracy: 43.33
Epoch [456/500] Training Loss: 0.0721
Epoch [456/500] Validation Accuracy: 47.30
Epoch [457/500] Training Loss: 0.2024
Epoch [457/500] Validation Accuracy: 44.01
Epoch [458/500] Training Loss: 0.1438
Epoch [458/500] Validation Accuracy: 47.30
Epoch [459/500] Training Loss: 0.0275
Epoch [459/500] Validation Accuracy: 46.19
Epoch [460/500] Training Loss: 0.2391
Epoch [460/500] Validation Accuracy: 45.23
Epoch [461/500] Training Loss: 0.0545
Epoch [461/500] Validation Accuracy: 45.66
Epoch [462/500] Training Loss: 0.0313
Epoch [462/500] Validation Accuracy: 43.38
Epoch [463/500] Training Loss: 0.0949
Epoch [463/500] Validation Accuracy: 48.83
Epoch [464/500] Training Loss: 0.0259
Epoch [464/500] Validation Accuracy: 46.72
Epoch [465/500] Training Loss: 0.1327
Epoch [465/500] Validation Accuracy: 43.86
Epoch [466/500] Training Loss: 0.0354
Epoch [466/500] Validation Accuracy: 44.81
Epoch [467/500] Training Loss: 0.1249
Epoch [467/500] Validation Accuracy: 44.39
Epoch [468/500] Training Loss: 0.0204
Epoch [468/500] Validation Accuracy: 45.97
Epoch [469/500] Training Loss: 0.0884
Epoch [469/500] Validation Accuracy: 44.01
Epoch [470/500] Training Loss: 0.0194
Epoch [470/500] Validation Accuracy: 36.49
Epoch [471/500] Training Loss: 0.0326
Epoch [471/500] Validation Accuracy: 43.38
Epoch [472/500] Training Loss: 0.0465
Epoch [472/500] Validation Accuracy: 36.65
Epoch [473/500] Training Loss: 0.0616
Epoch [473/500] Validation Accuracy: 36.18
Epoch [474/500] Training Loss: 0.0619
Epoch [474/500] Validation Accuracy: 46.72
Epoch [475/500] Training Loss: 0.0188
Epoch [475/500] Validation Accuracy: 46.61
Epoch [476/500] Training Loss: 0.0312
Epoch [476/500] Validation Accuracy: 40.68
Epoch [477/500] Training Loss: 0.0439
Epoch [477/500] Validation Accuracy: 47.56
Epoch [478/500] Training Loss: 0.1352
Epoch [478/500] Validation Accuracy: 46.35
Epoch [479/500] Training Loss: 0.0194
Epoch [479/500] Validation Accuracy: 46.88
Epoch [480/500] Training Loss: 0.1274
Epoch [480/500] Validation Accuracy: 43.11
Epoch [481/500] Training Loss: 0.0472
Epoch [481/500] Validation Accuracy: 43.06
Epoch [482/500] Training Loss: 0.0555
Epoch [482/500] Validation Accuracy: 45.76
Epoch [483/500] Training Loss: 0.0748
Epoch [483/500] Validation Accuracy: 41.79
Epoch [484/500] Training Loss: 0.0535
Epoch [484/500] Validation Accuracy: 42.69
Epoch [485/500] Training Loss: 0.0831
Epoch [485/500] Validation Accuracy: 43.38
Epoch [486/500] Training Loss: 0.0480
Epoch [486/500] Validation Accuracy: 44.86
Epoch [487/500] Training Loss: 0.0726
Epoch [487/500] Validation Accuracy: 42.85
Epoch [488/500] Training Loss: 0.0279
Epoch [488/500] Validation Accuracy: 39.88
Epoch [489/500] Training Loss: 0.0131
Epoch [489/500] Validation Accuracy: 47.14
Epoch [490/500] Training Loss: 0.0219
Epoch [490/500] Validation Accuracy: 40.57
Epoch [491/500] Training Loss: 0.0152
Epoch [491/500] Validation Accuracy: 46.66
Epoch [492/500] Training Loss: 0.0771
Epoch [492/500] Validation Accuracy: 46.03
Epoch [493/500] Training Loss: 0.0396
Epoch [493/500] Validation Accuracy: 42.11
Epoch [494/500] Training Loss: 0.0299
Epoch [494/500] Validation Accuracy: 44.39
Epoch [495/500] Training Loss: 0.0241
Epoch [495/500] Validation Accuracy: 39.88
Epoch [496/500] Training Loss: 0.0308
Epoch [496/500] Validation Accuracy: 45.66
Epoch [497/500] Training Loss: 0.1381
Epoch [497/500] Validation Accuracy: 41.15
Epoch [498/500] Training Loss: 0.0222
Epoch [498/500] Validation Accuracy: 40.84
Epoch [499/500] Training Loss: 0.0345
Epoch [499/500] Validation Accuracy: 45.39

Best Validation Accuracy of 49.63% at Epoch 220 of 500 in 291.6 minutes
